[0.040s] Invoking command in '/home/jotham-prince/Desktop/Robotics/yolobot/build/yolobot_gazebo': CMAKE_PREFIX_PATH=/opt/ros/humble /home/jotham-prince/.local/bin/cmake /home/jotham-prince/Desktop/Robotics/yolobot/src/yolobot_gazebo -DAMENT_CMAKE_SYMLINK_INSTALL=1 -DCMAKE_INSTALL_PREFIX=/home/jotham-prince/Desktop/Robotics/yolobot/install/yolobot_gazebo
[0.336s] -- The C compiler identification is GNU 11.3.0
[0.638s] -- The CXX compiler identification is GNU 11.3.0
[0.667s] -- Detecting C compiler ABI info
[0.846s] -- Detecting C compiler ABI info - done
[0.887s] -- Check for working C compiler: /usr/bin/cc - skipped
[0.888s] -- Detecting C compile features
[0.898s] -- Detecting C compile features - done
[0.912s] -- Detecting CXX compiler ABI info
[1.131s] -- Detecting CXX compiler ABI info - done
[1.170s] -- Check for working CXX compiler: /usr/bin/c++ - skipped
[1.171s] -- Detecting CXX compile features
[1.173s] -- Detecting CXX compile features - done
[1.196s] -- Found ament_cmake: 1.3.5 (/opt/ros/humble/share/ament_cmake/cmake)
[3.020s] -- Found Python3: /usr/bin/python3.10 (found version "3.10.6") found components: Interpreter 
[3.213s] -- Override CMake install command with custom implementation using symlinks instead of copying resources
[3.331s] -- Found ament_lint_auto: 0.12.6 (/opt/ros/humble/share/ament_lint_auto/cmake)
[3.615s] -- Added test 'flake8' to check Python code syntax and style conventions
[3.618s] -- Added test 'lint_cmake' to check CMake code style
[3.620s] -- Added test 'pep257' to check Python code against some of the docstring style conventions in PEP 257
[3.624s] -- Added test 'xmllint' to check XML markup files
[3.629s] -- Configuring done (3.5s)
[3.638s] -- Generating done (0.0s)
[3.642s] -- Build files have been written to: /home/jotham-prince/Desktop/Robotics/yolobot/build/yolobot_gazebo
[3.665s] Invoked command in '/home/jotham-prince/Desktop/Robotics/yolobot/build/yolobot_gazebo' returned '0': CMAKE_PREFIX_PATH=/opt/ros/humble /home/jotham-prince/.local/bin/cmake /home/jotham-prince/Desktop/Robotics/yolobot/src/yolobot_gazebo -DAMENT_CMAKE_SYMLINK_INSTALL=1 -DCMAKE_INSTALL_PREFIX=/home/jotham-prince/Desktop/Robotics/yolobot/install/yolobot_gazebo
[3.666s] Invoking command in '/home/jotham-prince/Desktop/Robotics/yolobot/build/yolobot_gazebo': CMAKE_PREFIX_PATH=/opt/ros/humble /home/jotham-prince/.local/bin/cmake --build /home/jotham-prince/Desktop/Robotics/yolobot/build/yolobot_gazebo -- -j4 -l4
[3.829s] Invoked command in '/home/jotham-prince/Desktop/Robotics/yolobot/build/yolobot_gazebo' returned '0': CMAKE_PREFIX_PATH=/opt/ros/humble /home/jotham-prince/.local/bin/cmake --build /home/jotham-prince/Desktop/Robotics/yolobot/build/yolobot_gazebo -- -j4 -l4
[3.959s] Invoking command in '/home/jotham-prince/Desktop/Robotics/yolobot/build/yolobot_gazebo': CMAKE_PREFIX_PATH=/opt/ros/humble /home/jotham-prince/.local/bin/cmake --install /home/jotham-prince/Desktop/Robotics/yolobot/build/yolobot_gazebo
[4.045s] -- Install configuration: ""
[4.050s] -- Execute custom install script
[4.053s] -- Symlinking: /home/jotham-prince/Desktop/Robotics/yolobot/install/yolobot_gazebo/share/ament_index/resource_index/package_run_dependencies/yolobot_gazebo
[4.059s] -- Symlinking: /home/jotham-prince/Desktop/Robotics/yolobot/install/yolobot_gazebo/share/ament_index/resource_index/parent_prefix_path/yolobot_gazebo
[4.074s] -- Symlinking: /home/jotham-prince/Desktop/Robotics/yolobot/install/yolobot_gazebo/share/yolobot_gazebo/environment/ament_prefix_path.sh
[4.087s] -- Symlinking: /home/jotham-prince/Desktop/Robotics/yolobot/install/yolobot_gazebo/share/yolobot_gazebo/environment/ament_prefix_path.dsv
[4.088s] -- Symlinking: /home/jotham-prince/Desktop/Robotics/yolobot/install/yolobot_gazebo/share/yolobot_gazebo/environment/path.sh
[4.105s] -- Symlinking: /home/jotham-prince/Desktop/Robotics/yolobot/install/yolobot_gazebo/share/yolobot_gazebo/environment/path.dsv
[4.113s] -- Symlinking: /home/jotham-prince/Desktop/Robotics/yolobot/install/yolobot_gazebo/share/yolobot_gazebo/local_setup.bash
[4.132s] -- Symlinking: /home/jotham-prince/Desktop/Robotics/yolobot/install/yolobot_gazebo/share/yolobot_gazebo/local_setup.sh
[4.132s] -- Symlinking: /home/jotham-prince/Desktop/Robotics/yolobot/install/yolobot_gazebo/share/yolobot_gazebo/local_setup.zsh
[4.137s] -- Symlinking: /home/jotham-prince/Desktop/Robotics/yolobot/install/yolobot_gazebo/share/yolobot_gazebo/local_setup.dsv
[4.158s] -- Symlinking: /home/jotham-prince/Desktop/Robotics/yolobot/install/yolobot_gazebo/share/yolobot_gazebo/package.dsv
[4.158s] -- Symlinking: /home/jotham-prince/Desktop/Robotics/yolobot/install/yolobot_gazebo/share/ament_index/resource_index/packages/yolobot_gazebo
[4.163s] -- Symlinking: /home/jotham-prince/Desktop/Robotics/yolobot/install/yolobot_gazebo/share/yolobot_gazebo/cmake/yolobot_gazeboConfig.cmake
[4.172s] -- Symlinking: /home/jotham-prince/Desktop/Robotics/yolobot/install/yolobot_gazebo/share/yolobot_gazebo/cmake/yolobot_gazeboConfig-version.cmake
[4.175s] -- Symlinking: /home/jotham-prince/Desktop/Robotics/yolobot/install/yolobot_gazebo/share/yolobot_gazebo/package.xml
[4.285s] Invoked command in '/home/jotham-prince/Desktop/Robotics/yolobot/build/yolobot_gazebo' returned '0': CMAKE_PREFIX_PATH=/opt/ros/humble /home/jotham-prince/.local/bin/cmake --install /home/jotham-prince/Desktop/Robotics/yolobot/build/yolobot_gazebo
