[0.125s] Invoking command in '/home/jotham-prince/Desktop/Robotics/yolobot/build/yolobot_gazebo': CMAKE_PREFIX_PATH=${CMAKE_PREFIX_PATH}:/opt/ros/humble /home/jotham-prince/.local/bin/cmake /home/jotham-prince/Desktop/Robotics/yolobot/src/yolobot_gazebo -DAMENT_CMAKE_SYMLINK_INSTALL=1 -DCMAKE_INSTALL_PREFIX=/home/jotham-prince/Desktop/Robotics/yolobot/install/yolobot_gazebo
[0.251s] -- Found ament_cmake: 1.3.5 (/opt/ros/humble/share/ament_cmake/cmake)
[0.764s] -- Override CMake install command with custom implementation using symlinks instead of copying resources
[0.817s] -- Found ament_lint_auto: 0.12.6 (/opt/ros/humble/share/ament_lint_auto/cmake)
[1.110s] -- Added test 'flake8' to check Python code syntax and style conventions
[1.111s] -- Added test 'lint_cmake' to check CMake code style
[1.116s] -- Added test 'pep257' to check Python code against some of the docstring style conventions in PEP 257
[1.117s] -- Added test 'xmllint' to check XML markup files
[1.120s] -- Configuring done (0.9s)
[1.168s] -- Generating done (0.0s)
[1.198s] -- Build files have been written to: /home/jotham-prince/Desktop/Robotics/yolobot/build/yolobot_gazebo
[1.224s] Invoked command in '/home/jotham-prince/Desktop/Robotics/yolobot/build/yolobot_gazebo' returned '0': CMAKE_PREFIX_PATH=${CMAKE_PREFIX_PATH}:/opt/ros/humble /home/jotham-prince/.local/bin/cmake /home/jotham-prince/Desktop/Robotics/yolobot/src/yolobot_gazebo -DAMENT_CMAKE_SYMLINK_INSTALL=1 -DCMAKE_INSTALL_PREFIX=/home/jotham-prince/Desktop/Robotics/yolobot/install/yolobot_gazebo
[1.225s] Invoking command in '/home/jotham-prince/Desktop/Robotics/yolobot/build/yolobot_gazebo': CMAKE_PREFIX_PATH=${CMAKE_PREFIX_PATH}:/opt/ros/humble /home/jotham-prince/.local/bin/cmake --build /home/jotham-prince/Desktop/Robotics/yolobot/build/yolobot_gazebo -- -j4 -l4
[1.545s] Invoked command in '/home/jotham-prince/Desktop/Robotics/yolobot/build/yolobot_gazebo' returned '0': CMAKE_PREFIX_PATH=${CMAKE_PREFIX_PATH}:/opt/ros/humble /home/jotham-prince/.local/bin/cmake --build /home/jotham-prince/Desktop/Robotics/yolobot/build/yolobot_gazebo -- -j4 -l4
[2.183s] Invoking command in '/home/jotham-prince/Desktop/Robotics/yolobot/build/yolobot_gazebo': CMAKE_PREFIX_PATH=${CMAKE_PREFIX_PATH}:/opt/ros/humble /home/jotham-prince/.local/bin/cmake --install /home/jotham-prince/Desktop/Robotics/yolobot/build/yolobot_gazebo
[2.317s] -- Install configuration: ""
[2.318s] -- Execute custom install script
[2.331s] -- Up-to-date symlink: /home/jotham-prince/Desktop/Robotics/yolobot/install/yolobot_gazebo/share/yolobot_gazebo//worlds/yolo_test.world
[2.331s] -- Up-to-date symlink: /home/jotham-prince/Desktop/Robotics/yolobot/install/yolobot_gazebo/share/yolobot_gazebo//launch/start_world_launch.py
[2.331s] -- Up-to-date symlink: /home/jotham-prince/Desktop/Robotics/yolobot/install/yolobot_gazebo/share/yolobot_gazebo//launch/yolobot_launch.py
[2.332s] -- Up-to-date symlink: /home/jotham-prince/Desktop/Robotics/yolobot/install/yolobot_gazebo/share/ament_index/resource_index/package_run_dependencies/yolobot_gazebo
[2.332s] -- Up-to-date symlink: /home/jotham-prince/Desktop/Robotics/yolobot/install/yolobot_gazebo/share/ament_index/resource_index/parent_prefix_path/yolobot_gazebo
[2.332s] -- Up-to-date symlink: /home/jotham-prince/Desktop/Robotics/yolobot/install/yolobot_gazebo/share/yolobot_gazebo/environment/ament_prefix_path.sh
[2.332s] -- Up-to-date symlink: /home/jotham-prince/Desktop/Robotics/yolobot/install/yolobot_gazebo/share/yolobot_gazebo/environment/ament_prefix_path.dsv
[2.333s] -- Up-to-date symlink: /home/jotham-prince/Desktop/Robotics/yolobot/install/yolobot_gazebo/share/yolobot_gazebo/environment/path.sh
[2.333s] -- Up-to-date symlink: /home/jotham-prince/Desktop/Robotics/yolobot/install/yolobot_gazebo/share/yolobot_gazebo/environment/path.dsv
[2.337s] -- Up-to-date symlink: /home/jotham-prince/Desktop/Robotics/yolobot/install/yolobot_gazebo/share/yolobot_gazebo/local_setup.bash
[2.338s] -- Up-to-date symlink: /home/jotham-prince/Desktop/Robotics/yolobot/install/yolobot_gazebo/share/yolobot_gazebo/local_setup.sh
[2.339s] -- Up-to-date symlink: /home/jotham-prince/Desktop/Robotics/yolobot/install/yolobot_gazebo/share/yolobot_gazebo/local_setup.zsh
[2.341s] -- Up-to-date symlink: /home/jotham-prince/Desktop/Robotics/yolobot/install/yolobot_gazebo/share/yolobot_gazebo/local_setup.dsv
[2.342s] -- Symlinking: /home/jotham-prince/Desktop/Robotics/yolobot/install/yolobot_gazebo/share/yolobot_gazebo/package.dsv
[2.361s] -- Up-to-date symlink: /home/jotham-prince/Desktop/Robotics/yolobot/install/yolobot_gazebo/share/ament_index/resource_index/packages/yolobot_gazebo
[2.363s] -- Up-to-date symlink: /home/jotham-prince/Desktop/Robotics/yolobot/install/yolobot_gazebo/share/yolobot_gazebo/cmake/yolobot_gazeboConfig.cmake
[2.364s] -- Up-to-date symlink: /home/jotham-prince/Desktop/Robotics/yolobot/install/yolobot_gazebo/share/yolobot_gazebo/cmake/yolobot_gazeboConfig-version.cmake
[2.365s] -- Up-to-date symlink: /home/jotham-prince/Desktop/Robotics/yolobot/install/yolobot_gazebo/share/yolobot_gazebo/package.xml
[2.413s] Invoked command in '/home/jotham-prince/Desktop/Robotics/yolobot/build/yolobot_gazebo' returned '0': CMAKE_PREFIX_PATH=${CMAKE_PREFIX_PATH}:/opt/ros/humble /home/jotham-prince/.local/bin/cmake --install /home/jotham-prince/Desktop/Robotics/yolobot/build/yolobot_gazebo
