[0.042s] Invoking command in '/home/jotham-prince/Desktop/Robotics/yolobot/build/yolobot_rocognition': CMAKE_PREFIX_PATH=${CMAKE_PREFIX_PATH}:/opt/ros/humble /home/jotham-prince/.local/bin/cmake /home/jotham-prince/Desktop/Robotics/yolobot/src/yolobot_recognition -DAMENT_CMAKE_SYMLINK_INSTALL=1 -DCMAKE_INSTALL_PREFIX=/home/jotham-prince/Desktop/Robotics/yolobot/install/yolobot_rocognition
[0.145s] -- Found ament_cmake: 1.3.5 (/opt/ros/humble/share/ament_cmake/cmake)
[0.479s] -- Override CMake install command with custom implementation using symlinks instead of copying resources
[0.505s] -- Found ament_lint_auto: 0.12.6 (/opt/ros/humble/share/ament_lint_auto/cmake)
[0.805s] -- Added test 'flake8' to check Python code syntax and style conventions
[0.810s] -- Added test 'lint_cmake' to check CMake code style
[0.821s] -- Added test 'pep257' to check Python code against some of the docstring style conventions in PEP 257
[0.841s] -- Added test 'xmllint' to check XML markup files
[0.844s] -- Configuring done (0.7s)
[0.853s] -- Generating done (0.0s)
[0.856s] -- Build files have been written to: /home/jotham-prince/Desktop/Robotics/yolobot/build/yolobot_rocognition
[0.895s] Invoked command in '/home/jotham-prince/Desktop/Robotics/yolobot/build/yolobot_rocognition' returned '0': CMAKE_PREFIX_PATH=${CMAKE_PREFIX_PATH}:/opt/ros/humble /home/jotham-prince/.local/bin/cmake /home/jotham-prince/Desktop/Robotics/yolobot/src/yolobot_recognition -DAMENT_CMAKE_SYMLINK_INSTALL=1 -DCMAKE_INSTALL_PREFIX=/home/jotham-prince/Desktop/Robotics/yolobot/install/yolobot_rocognition
[0.897s] Invoking command in '/home/jotham-prince/Desktop/Robotics/yolobot/build/yolobot_rocognition': CMAKE_PREFIX_PATH=${CMAKE_PREFIX_PATH}:/opt/ros/humble /home/jotham-prince/.local/bin/cmake --build /home/jotham-prince/Desktop/Robotics/yolobot/build/yolobot_rocognition -- -j4 -l4
[1.037s] Invoked command in '/home/jotham-prince/Desktop/Robotics/yolobot/build/yolobot_rocognition' returned '0': CMAKE_PREFIX_PATH=${CMAKE_PREFIX_PATH}:/opt/ros/humble /home/jotham-prince/.local/bin/cmake --build /home/jotham-prince/Desktop/Robotics/yolobot/build/yolobot_rocognition -- -j4 -l4
[1.385s] Invoking command in '/home/jotham-prince/Desktop/Robotics/yolobot/build/yolobot_rocognition': CMAKE_PREFIX_PATH=${CMAKE_PREFIX_PATH}:/opt/ros/humble /home/jotham-prince/.local/bin/cmake --install /home/jotham-prince/Desktop/Robotics/yolobot/build/yolobot_rocognition
[1.463s] -- Install configuration: ""
[1.463s] -- Execute custom install script
[1.463s] -- Up-to-date symlink: /home/jotham-prince/Desktop/Robotics/yolobot/install/yolobot_rocognition/share/ament_index/resource_index/package_run_dependencies/yolobot_rocognition
[1.463s] -- Up-to-date symlink: /home/jotham-prince/Desktop/Robotics/yolobot/install/yolobot_rocognition/share/ament_index/resource_index/parent_prefix_path/yolobot_rocognition
[1.464s] -- Up-to-date symlink: /home/jotham-prince/Desktop/Robotics/yolobot/install/yolobot_rocognition/share/yolobot_rocognition/environment/ament_prefix_path.sh
[1.464s] -- Up-to-date symlink: /home/jotham-prince/Desktop/Robotics/yolobot/install/yolobot_rocognition/share/yolobot_rocognition/environment/ament_prefix_path.dsv
[1.464s] -- Up-to-date symlink: /home/jotham-prince/Desktop/Robotics/yolobot/install/yolobot_rocognition/share/yolobot_rocognition/environment/path.sh
[1.465s] -- Up-to-date symlink: /home/jotham-prince/Desktop/Robotics/yolobot/install/yolobot_rocognition/share/yolobot_rocognition/environment/path.dsv
[1.465s] -- Up-to-date symlink: /home/jotham-prince/Desktop/Robotics/yolobot/install/yolobot_rocognition/share/yolobot_rocognition/local_setup.bash
[1.465s] -- Up-to-date symlink: /home/jotham-prince/Desktop/Robotics/yolobot/install/yolobot_rocognition/share/yolobot_rocognition/local_setup.sh
[1.466s] -- Up-to-date symlink: /home/jotham-prince/Desktop/Robotics/yolobot/install/yolobot_rocognition/share/yolobot_rocognition/local_setup.zsh
[1.467s] -- Up-to-date symlink: /home/jotham-prince/Desktop/Robotics/yolobot/install/yolobot_rocognition/share/yolobot_rocognition/local_setup.dsv
[1.467s] -- Symlinking: /home/jotham-prince/Desktop/Robotics/yolobot/install/yolobot_rocognition/share/yolobot_rocognition/package.dsv
[1.487s] -- Up-to-date symlink: /home/jotham-prince/Desktop/Robotics/yolobot/install/yolobot_rocognition/share/ament_index/resource_index/packages/yolobot_rocognition
[1.488s] -- Up-to-date symlink: /home/jotham-prince/Desktop/Robotics/yolobot/install/yolobot_rocognition/share/yolobot_rocognition/cmake/yolobot_rocognitionConfig.cmake
[1.489s] -- Up-to-date symlink: /home/jotham-prince/Desktop/Robotics/yolobot/install/yolobot_rocognition/share/yolobot_rocognition/cmake/yolobot_rocognitionConfig-version.cmake
[1.490s] -- Up-to-date symlink: /home/jotham-prince/Desktop/Robotics/yolobot/install/yolobot_rocognition/share/yolobot_rocognition/package.xml
[1.554s] Invoked command in '/home/jotham-prince/Desktop/Robotics/yolobot/build/yolobot_rocognition' returned '0': CMAKE_PREFIX_PATH=${CMAKE_PREFIX_PATH}:/opt/ros/humble /home/jotham-prince/.local/bin/cmake --install /home/jotham-prince/Desktop/Robotics/yolobot/build/yolobot_rocognition
