[0.458s] DEBUG:colcon:Command line arguments: ['/usr/bin/colcon', 'build', '--symlink-install']
[0.459s] DEBUG:colcon:Parsed command line arguments: Namespace(log_base=None, log_level=None, verb_name='build', build_base='build', install_base='install', merge_install=False, symlink_install=True, test_result_base=None, continue_on_error=False, executor='parallel', parallel_workers=4, event_handlers=None, ignore_user_meta=False, metas=['./colcon.meta'], base_paths=['.'], packages_ignore=None, packages_ignore_regex=None, paths=None, packages_up_to=None, packages_up_to_regex=None, packages_above=None, packages_above_and_dependencies=None, packages_above_depth=None, packages_select_by_dep=None, packages_skip_by_dep=None, packages_skip_up_to=None, packages_select_build_failed=False, packages_skip_build_finished=False, packages_select_test_failures=False, packages_skip_test_passed=False, packages_select=None, packages_skip=None, packages_select_regex=None, packages_skip_regex=None, packages_start=None, packages_end=None, allow_overriding=[], cmake_args=None, cmake_target=None, cmake_target_skip_unavailable=False, cmake_clean_cache=False, cmake_clean_first=False, cmake_force_configure=False, ament_cmake_args=None, catkin_cmake_args=None, catkin_skip_building_tests=False, verb_parser=<colcon_defaults.argument_parser.defaults.DefaultArgumentsDecorator object at 0x7f640531d540>, verb_extension=<colcon_core.verb.build.BuildVerb object at 0x7f640549af20>, main=<bound method BuildVerb.main of <colcon_core.verb.build.BuildVerb object at 0x7f640549af20>>)
[0.516s] Level 1:colcon.colcon_core.package_discovery:discover_packages(colcon_meta) check parameters
[0.516s] Level 1:colcon.colcon_core.package_discovery:discover_packages(recursive) check parameters
[0.516s] Level 1:colcon.colcon_core.package_discovery:discover_packages(ignore) check parameters
[0.516s] Level 1:colcon.colcon_core.package_discovery:discover_packages(path) check parameters
[0.516s] Level 1:colcon.colcon_core.package_discovery:discover_packages(colcon_meta) discover
[0.516s] Level 1:colcon.colcon_core.package_discovery:discover_packages(recursive) discover
[0.516s] INFO:colcon.colcon_core.package_discovery:Crawling recursively for packages in '/home/jotham-prince/Desktop/Robotics/yolobot'
[0.517s] Level 1:colcon.colcon_core.package_identification:_identify(.) by extensions ['ignore', 'ignore_ament_install']
[0.517s] Level 1:colcon.colcon_core.package_identification:_identify(.) by extension 'ignore'
[0.517s] Level 1:colcon.colcon_core.package_identification:_identify(.) by extension 'ignore_ament_install'
[0.517s] Level 1:colcon.colcon_core.package_identification:_identify(.) by extensions ['colcon_pkg']
[0.517s] Level 1:colcon.colcon_core.package_identification:_identify(.) by extension 'colcon_pkg'
[0.517s] Level 1:colcon.colcon_core.package_identification:_identify(.) by extensions ['colcon_meta']
[0.517s] Level 1:colcon.colcon_core.package_identification:_identify(.) by extension 'colcon_meta'
[0.517s] Level 1:colcon.colcon_core.package_identification:_identify(.) by extensions ['ros']
[0.518s] Level 1:colcon.colcon_core.package_identification:_identify(.) by extension 'ros'
[0.543s] Level 1:colcon.colcon_core.package_identification:_identify(.) by extensions ['cmake', 'python']
[0.544s] Level 1:colcon.colcon_core.package_identification:_identify(.) by extension 'cmake'
[0.544s] Level 1:colcon.colcon_core.package_identification:_identify(.) by extension 'python'
[0.544s] Level 1:colcon.colcon_core.package_identification:_identify(.) by extensions ['python_setup_py']
[0.544s] Level 1:colcon.colcon_core.package_identification:_identify(.) by extension 'python_setup_py'
[0.544s] Level 1:colcon.colcon_core.package_identification:_identify(build) by extensions ['ignore', 'ignore_ament_install']
[0.544s] Level 1:colcon.colcon_core.package_identification:_identify(build) by extension 'ignore'
[0.544s] Level 1:colcon.colcon_core.package_identification:_identify(build) ignored
[0.544s] Level 1:colcon.colcon_core.package_identification:_identify(install) by extensions ['ignore', 'ignore_ament_install']
[0.545s] Level 1:colcon.colcon_core.package_identification:_identify(install) by extension 'ignore'
[0.545s] Level 1:colcon.colcon_core.package_identification:_identify(install) ignored
[0.545s] Level 1:colcon.colcon_core.package_identification:_identify(log) by extensions ['ignore', 'ignore_ament_install']
[0.545s] Level 1:colcon.colcon_core.package_identification:_identify(log) by extension 'ignore'
[0.545s] Level 1:colcon.colcon_core.package_identification:_identify(log) ignored
[0.545s] Level 1:colcon.colcon_core.package_identification:_identify(src) by extensions ['ignore', 'ignore_ament_install']
[0.545s] Level 1:colcon.colcon_core.package_identification:_identify(src) by extension 'ignore'
[0.545s] Level 1:colcon.colcon_core.package_identification:_identify(src) by extension 'ignore_ament_install'
[0.545s] Level 1:colcon.colcon_core.package_identification:_identify(src) by extensions ['colcon_pkg']
[0.545s] Level 1:colcon.colcon_core.package_identification:_identify(src) by extension 'colcon_pkg'
[0.546s] Level 1:colcon.colcon_core.package_identification:_identify(src) by extensions ['colcon_meta']
[0.546s] Level 1:colcon.colcon_core.package_identification:_identify(src) by extension 'colcon_meta'
[0.546s] Level 1:colcon.colcon_core.package_identification:_identify(src) by extensions ['ros']
[0.546s] Level 1:colcon.colcon_core.package_identification:_identify(src) by extension 'ros'
[0.546s] Level 1:colcon.colcon_core.package_identification:_identify(src) by extensions ['cmake', 'python']
[0.546s] Level 1:colcon.colcon_core.package_identification:_identify(src) by extension 'cmake'
[0.546s] Level 1:colcon.colcon_core.package_identification:_identify(src) by extension 'python'
[0.546s] Level 1:colcon.colcon_core.package_identification:_identify(src) by extensions ['python_setup_py']
[0.546s] Level 1:colcon.colcon_core.package_identification:_identify(src) by extension 'python_setup_py'
[0.546s] Level 1:colcon.colcon_core.package_identification:_identify(src/yolobot_control) by extensions ['ignore', 'ignore_ament_install']
[0.546s] Level 1:colcon.colcon_core.package_identification:_identify(src/yolobot_control) by extension 'ignore'
[0.546s] Level 1:colcon.colcon_core.package_identification:_identify(src/yolobot_control) by extension 'ignore_ament_install'
[0.547s] Level 1:colcon.colcon_core.package_identification:_identify(src/yolobot_control) by extensions ['colcon_pkg']
[0.547s] Level 1:colcon.colcon_core.package_identification:_identify(src/yolobot_control) by extension 'colcon_pkg'
[0.547s] Level 1:colcon.colcon_core.package_identification:_identify(src/yolobot_control) by extensions ['colcon_meta']
[0.547s] Level 1:colcon.colcon_core.package_identification:_identify(src/yolobot_control) by extension 'colcon_meta'
[0.547s] Level 1:colcon.colcon_core.package_identification:_identify(src/yolobot_control) by extensions ['ros']
[0.547s] Level 1:colcon.colcon_core.package_identification:_identify(src/yolobot_control) by extension 'ros'
[0.550s] DEBUG:colcon.colcon_core.package_identification:Package 'src/yolobot_control' with type 'ros.ament_cmake' and name 'yolobot_control'
[0.551s] Level 1:colcon.colcon_core.package_identification:_identify(src/yolobot_description) by extensions ['ignore', 'ignore_ament_install']
[0.551s] Level 1:colcon.colcon_core.package_identification:_identify(src/yolobot_description) by extension 'ignore'
[0.551s] Level 1:colcon.colcon_core.package_identification:_identify(src/yolobot_description) by extension 'ignore_ament_install'
[0.551s] Level 1:colcon.colcon_core.package_identification:_identify(src/yolobot_description) by extensions ['colcon_pkg']
[0.551s] Level 1:colcon.colcon_core.package_identification:_identify(src/yolobot_description) by extension 'colcon_pkg'
[0.551s] Level 1:colcon.colcon_core.package_identification:_identify(src/yolobot_description) by extensions ['colcon_meta']
[0.551s] Level 1:colcon.colcon_core.package_identification:_identify(src/yolobot_description) by extension 'colcon_meta'
[0.551s] Level 1:colcon.colcon_core.package_identification:_identify(src/yolobot_description) by extensions ['ros']
[0.551s] Level 1:colcon.colcon_core.package_identification:_identify(src/yolobot_description) by extension 'ros'
[0.552s] DEBUG:colcon.colcon_core.package_identification:Package 'src/yolobot_description' with type 'ros.ament_cmake' and name 'yolobot_description'
[0.552s] Level 1:colcon.colcon_core.package_identification:_identify(src/yolobot_gazebo) by extensions ['ignore', 'ignore_ament_install']
[0.553s] Level 1:colcon.colcon_core.package_identification:_identify(src/yolobot_gazebo) by extension 'ignore'
[0.553s] Level 1:colcon.colcon_core.package_identification:_identify(src/yolobot_gazebo) by extension 'ignore_ament_install'
[0.553s] Level 1:colcon.colcon_core.package_identification:_identify(src/yolobot_gazebo) by extensions ['colcon_pkg']
[0.553s] Level 1:colcon.colcon_core.package_identification:_identify(src/yolobot_gazebo) by extension 'colcon_pkg'
[0.553s] Level 1:colcon.colcon_core.package_identification:_identify(src/yolobot_gazebo) by extensions ['colcon_meta']
[0.553s] Level 1:colcon.colcon_core.package_identification:_identify(src/yolobot_gazebo) by extension 'colcon_meta'
[0.553s] Level 1:colcon.colcon_core.package_identification:_identify(src/yolobot_gazebo) by extensions ['ros']
[0.553s] Level 1:colcon.colcon_core.package_identification:_identify(src/yolobot_gazebo) by extension 'ros'
[0.554s] DEBUG:colcon.colcon_core.package_identification:Package 'src/yolobot_gazebo' with type 'ros.ament_cmake' and name 'yolobot_gazebo'
[0.554s] Level 1:colcon.colcon_core.package_identification:_identify(src/yolobot_recognition) by extensions ['ignore', 'ignore_ament_install']
[0.554s] Level 1:colcon.colcon_core.package_identification:_identify(src/yolobot_recognition) by extension 'ignore'
[0.554s] Level 1:colcon.colcon_core.package_identification:_identify(src/yolobot_recognition) by extension 'ignore_ament_install'
[0.554s] Level 1:colcon.colcon_core.package_identification:_identify(src/yolobot_recognition) by extensions ['colcon_pkg']
[0.554s] Level 1:colcon.colcon_core.package_identification:_identify(src/yolobot_recognition) by extension 'colcon_pkg'
[0.554s] Level 1:colcon.colcon_core.package_identification:_identify(src/yolobot_recognition) by extensions ['colcon_meta']
[0.555s] Level 1:colcon.colcon_core.package_identification:_identify(src/yolobot_recognition) by extension 'colcon_meta'
[0.555s] Level 1:colcon.colcon_core.package_identification:_identify(src/yolobot_recognition) by extensions ['ros']
[0.555s] Level 1:colcon.colcon_core.package_identification:_identify(src/yolobot_recognition) by extension 'ros'
[0.555s] DEBUG:colcon.colcon_core.package_identification:Package 'src/yolobot_recognition' with type 'ros.ament_cmake' and name 'yolobot_rocognition'
[0.556s] Level 1:colcon.colcon_core.package_discovery:discover_packages(recursive) using defaults
[0.556s] Level 1:colcon.colcon_core.package_discovery:discover_packages(ignore) discover
[0.556s] Level 1:colcon.colcon_core.package_discovery:discover_packages(ignore) using defaults
[0.556s] Level 1:colcon.colcon_core.package_discovery:discover_packages(path) discover
[0.556s] Level 1:colcon.colcon_core.package_discovery:discover_packages(path) using defaults
[0.600s] Level 1:colcon.colcon_core.package_discovery:discover_packages(prefix_path) check parameters
[0.600s] Level 1:colcon.colcon_core.package_discovery:discover_packages(prefix_path) discover
[0.604s] DEBUG:colcon.colcon_installed_package_information.package_discovery:Found 4 installed packages in /home/jotham-prince/Desktop/Robotics/yolobot/install
[0.608s] DEBUG:colcon.colcon_installed_package_information.package_discovery:Found 395 installed packages in /opt/ros/humble
[0.611s] Level 1:colcon.colcon_core.package_discovery:discover_packages(prefix_path) using defaults
[0.713s] Level 5:colcon.colcon_core.verb:set package 'yolobot_control' build argument 'cmake_args' from command line to 'None'
[0.713s] Level 5:colcon.colcon_core.verb:set package 'yolobot_control' build argument 'cmake_target' from command line to 'None'
[0.713s] Level 5:colcon.colcon_core.verb:set package 'yolobot_control' build argument 'cmake_target_skip_unavailable' from command line to 'False'
[0.713s] Level 5:colcon.colcon_core.verb:set package 'yolobot_control' build argument 'cmake_clean_cache' from command line to 'False'
[0.714s] Level 5:colcon.colcon_core.verb:set package 'yolobot_control' build argument 'cmake_clean_first' from command line to 'False'
[0.714s] Level 5:colcon.colcon_core.verb:set package 'yolobot_control' build argument 'cmake_force_configure' from command line to 'False'
[0.714s] Level 5:colcon.colcon_core.verb:set package 'yolobot_control' build argument 'ament_cmake_args' from command line to 'None'
[0.714s] Level 5:colcon.colcon_core.verb:set package 'yolobot_control' build argument 'catkin_cmake_args' from command line to 'None'
[0.714s] Level 5:colcon.colcon_core.verb:set package 'yolobot_control' build argument 'catkin_skip_building_tests' from command line to 'False'
[0.714s] DEBUG:colcon.colcon_core.verb:Building package 'yolobot_control' with the following arguments: {'ament_cmake_args': None, 'build_base': '/home/jotham-prince/Desktop/Robotics/yolobot/build/yolobot_control', 'catkin_cmake_args': None, 'catkin_skip_building_tests': False, 'cmake_args': None, 'cmake_clean_cache': False, 'cmake_clean_first': False, 'cmake_force_configure': False, 'cmake_target': None, 'cmake_target_skip_unavailable': False, 'install_base': '/home/jotham-prince/Desktop/Robotics/yolobot/install/yolobot_control', 'merge_install': False, 'path': '/home/jotham-prince/Desktop/Robotics/yolobot/src/yolobot_control', 'symlink_install': True, 'test_result_base': None}
[0.716s] Level 5:colcon.colcon_core.verb:set package 'yolobot_description' build argument 'cmake_args' from command line to 'None'
[0.716s] Level 5:colcon.colcon_core.verb:set package 'yolobot_description' build argument 'cmake_target' from command line to 'None'
[0.716s] Level 5:colcon.colcon_core.verb:set package 'yolobot_description' build argument 'cmake_target_skip_unavailable' from command line to 'False'
[0.716s] Level 5:colcon.colcon_core.verb:set package 'yolobot_description' build argument 'cmake_clean_cache' from command line to 'False'
[0.716s] Level 5:colcon.colcon_core.verb:set package 'yolobot_description' build argument 'cmake_clean_first' from command line to 'False'
[0.716s] Level 5:colcon.colcon_core.verb:set package 'yolobot_description' build argument 'cmake_force_configure' from command line to 'False'
[0.716s] Level 5:colcon.colcon_core.verb:set package 'yolobot_description' build argument 'ament_cmake_args' from command line to 'None'
[0.716s] Level 5:colcon.colcon_core.verb:set package 'yolobot_description' build argument 'catkin_cmake_args' from command line to 'None'
[0.716s] Level 5:colcon.colcon_core.verb:set package 'yolobot_description' build argument 'catkin_skip_building_tests' from command line to 'False'
[0.716s] DEBUG:colcon.colcon_core.verb:Building package 'yolobot_description' with the following arguments: {'ament_cmake_args': None, 'build_base': '/home/jotham-prince/Desktop/Robotics/yolobot/build/yolobot_description', 'catkin_cmake_args': None, 'catkin_skip_building_tests': False, 'cmake_args': None, 'cmake_clean_cache': False, 'cmake_clean_first': False, 'cmake_force_configure': False, 'cmake_target': None, 'cmake_target_skip_unavailable': False, 'install_base': '/home/jotham-prince/Desktop/Robotics/yolobot/install/yolobot_description', 'merge_install': False, 'path': '/home/jotham-prince/Desktop/Robotics/yolobot/src/yolobot_description', 'symlink_install': True, 'test_result_base': None}
[0.718s] Level 5:colcon.colcon_core.verb:set package 'yolobot_gazebo' build argument 'cmake_args' from command line to 'None'
[0.719s] Level 5:colcon.colcon_core.verb:set package 'yolobot_gazebo' build argument 'cmake_target' from command line to 'None'
[0.719s] Level 5:colcon.colcon_core.verb:set package 'yolobot_gazebo' build argument 'cmake_target_skip_unavailable' from command line to 'False'
[0.719s] Level 5:colcon.colcon_core.verb:set package 'yolobot_gazebo' build argument 'cmake_clean_cache' from command line to 'False'
[0.719s] Level 5:colcon.colcon_core.verb:set package 'yolobot_gazebo' build argument 'cmake_clean_first' from command line to 'False'
[0.719s] Level 5:colcon.colcon_core.verb:set package 'yolobot_gazebo' build argument 'cmake_force_configure' from command line to 'False'
[0.719s] Level 5:colcon.colcon_core.verb:set package 'yolobot_gazebo' build argument 'ament_cmake_args' from command line to 'None'
[0.719s] Level 5:colcon.colcon_core.verb:set package 'yolobot_gazebo' build argument 'catkin_cmake_args' from command line to 'None'
[0.719s] Level 5:colcon.colcon_core.verb:set package 'yolobot_gazebo' build argument 'catkin_skip_building_tests' from command line to 'False'
[0.719s] DEBUG:colcon.colcon_core.verb:Building package 'yolobot_gazebo' with the following arguments: {'ament_cmake_args': None, 'build_base': '/home/jotham-prince/Desktop/Robotics/yolobot/build/yolobot_gazebo', 'catkin_cmake_args': None, 'catkin_skip_building_tests': False, 'cmake_args': None, 'cmake_clean_cache': False, 'cmake_clean_first': False, 'cmake_force_configure': False, 'cmake_target': None, 'cmake_target_skip_unavailable': False, 'install_base': '/home/jotham-prince/Desktop/Robotics/yolobot/install/yolobot_gazebo', 'merge_install': False, 'path': '/home/jotham-prince/Desktop/Robotics/yolobot/src/yolobot_gazebo', 'symlink_install': True, 'test_result_base': None}
[0.721s] Level 5:colcon.colcon_core.verb:set package 'yolobot_rocognition' build argument 'cmake_args' from command line to 'None'
[0.721s] Level 5:colcon.colcon_core.verb:set package 'yolobot_rocognition' build argument 'cmake_target' from command line to 'None'
[0.721s] Level 5:colcon.colcon_core.verb:set package 'yolobot_rocognition' build argument 'cmake_target_skip_unavailable' from command line to 'False'
[0.721s] Level 5:colcon.colcon_core.verb:set package 'yolobot_rocognition' build argument 'cmake_clean_cache' from command line to 'False'
[0.721s] Level 5:colcon.colcon_core.verb:set package 'yolobot_rocognition' build argument 'cmake_clean_first' from command line to 'False'
[0.721s] Level 5:colcon.colcon_core.verb:set package 'yolobot_rocognition' build argument 'cmake_force_configure' from command line to 'False'
[0.722s] Level 5:colcon.colcon_core.verb:set package 'yolobot_rocognition' build argument 'ament_cmake_args' from command line to 'None'
[0.722s] Level 5:colcon.colcon_core.verb:set package 'yolobot_rocognition' build argument 'catkin_cmake_args' from command line to 'None'
[0.722s] Level 5:colcon.colcon_core.verb:set package 'yolobot_rocognition' build argument 'catkin_skip_building_tests' from command line to 'False'
[0.722s] DEBUG:colcon.colcon_core.verb:Building package 'yolobot_rocognition' with the following arguments: {'ament_cmake_args': None, 'build_base': '/home/jotham-prince/Desktop/Robotics/yolobot/build/yolobot_rocognition', 'catkin_cmake_args': None, 'catkin_skip_building_tests': False, 'cmake_args': None, 'cmake_clean_cache': False, 'cmake_clean_first': False, 'cmake_force_configure': False, 'cmake_target': None, 'cmake_target_skip_unavailable': False, 'install_base': '/home/jotham-prince/Desktop/Robotics/yolobot/install/yolobot_rocognition', 'merge_install': False, 'path': '/home/jotham-prince/Desktop/Robotics/yolobot/src/yolobot_recognition', 'symlink_install': True, 'test_result_base': None}
[0.723s] INFO:colcon.colcon_core.executor:Executing jobs using 'parallel' executor
[0.727s] DEBUG:colcon.colcon_parallel_executor.executor.parallel:run_until_complete
[0.728s] INFO:colcon.colcon_ros.task.ament_cmake.build:Building ROS package in '/home/jotham-prince/Desktop/Robotics/yolobot/src/yolobot_control' with build type 'ament_cmake'
[0.728s] INFO:colcon.colcon_cmake.task.cmake.build:Building CMake package in '/home/jotham-prince/Desktop/Robotics/yolobot/src/yolobot_control'
[0.734s] INFO:colcon.colcon_core.plugin_system:Skipping extension 'colcon_core.shell.bat': Not used on non-Windows systems
[0.734s] INFO:colcon.colcon_core.shell:Skip shell extension 'powershell' for command environment: Not usable outside of PowerShell
[0.734s] DEBUG:colcon.colcon_core.shell:Skip shell extension 'dsv' for command environment
[0.742s] INFO:colcon.colcon_ros.task.ament_cmake.build:Building ROS package in '/home/jotham-prince/Desktop/Robotics/yolobot/src/yolobot_description' with build type 'ament_cmake'
[0.743s] INFO:colcon.colcon_cmake.task.cmake.build:Building CMake package in '/home/jotham-prince/Desktop/Robotics/yolobot/src/yolobot_description'
[0.745s] INFO:colcon.colcon_core.shell:Skip shell extension 'powershell' for command environment: Not usable outside of PowerShell
[0.745s] DEBUG:colcon.colcon_core.shell:Skip shell extension 'dsv' for command environment
[0.753s] INFO:colcon.colcon_ros.task.ament_cmake.build:Building ROS package in '/home/jotham-prince/Desktop/Robotics/yolobot/src/yolobot_gazebo' with build type 'ament_cmake'
[0.753s] INFO:colcon.colcon_cmake.task.cmake.build:Building CMake package in '/home/jotham-prince/Desktop/Robotics/yolobot/src/yolobot_gazebo'
[0.755s] INFO:colcon.colcon_core.shell:Skip shell extension 'powershell' for command environment: Not usable outside of PowerShell
[0.756s] DEBUG:colcon.colcon_core.shell:Skip shell extension 'dsv' for command environment
[0.764s] INFO:colcon.colcon_ros.task.ament_cmake.build:Building ROS package in '/home/jotham-prince/Desktop/Robotics/yolobot/src/yolobot_recognition' with build type 'ament_cmake'
[0.764s] INFO:colcon.colcon_cmake.task.cmake.build:Building CMake package in '/home/jotham-prince/Desktop/Robotics/yolobot/src/yolobot_recognition'
[0.767s] INFO:colcon.colcon_core.shell:Skip shell extension 'powershell' for command environment: Not usable outside of PowerShell
[0.767s] DEBUG:colcon.colcon_core.shell:Skip shell extension 'dsv' for command environment
[0.783s] DEBUG:colcon.colcon_core.event_handler.log_command:Invoking command in '/home/jotham-prince/Desktop/Robotics/yolobot/build/yolobot_control': CMAKE_PREFIX_PATH=${CMAKE_PREFIX_PATH}:/opt/ros/humble /home/jotham-prince/.local/bin/cmake /home/jotham-prince/Desktop/Robotics/yolobot/src/yolobot_control -DAMENT_CMAKE_SYMLINK_INSTALL=1 -DCMAKE_INSTALL_PREFIX=/home/jotham-prince/Desktop/Robotics/yolobot/install/yolobot_control
[0.787s] DEBUG:colcon.colcon_core.event_handler.log_command:Invoking command in '/home/jotham-prince/Desktop/Robotics/yolobot/build/yolobot_description': CMAKE_PREFIX_PATH=${CMAKE_PREFIX_PATH}:/opt/ros/humble /home/jotham-prince/.local/bin/cmake /home/jotham-prince/Desktop/Robotics/yolobot/src/yolobot_description -DAMENT_CMAKE_SYMLINK_INSTALL=1 -DCMAKE_INSTALL_PREFIX=/home/jotham-prince/Desktop/Robotics/yolobot/install/yolobot_description
[0.798s] DEBUG:colcon.colcon_core.event_handler.log_command:Invoking command in '/home/jotham-prince/Desktop/Robotics/yolobot/build/yolobot_gazebo': CMAKE_PREFIX_PATH=${CMAKE_PREFIX_PATH}:/opt/ros/humble /home/jotham-prince/.local/bin/cmake /home/jotham-prince/Desktop/Robotics/yolobot/src/yolobot_gazebo -DAMENT_CMAKE_SYMLINK_INSTALL=1 -DCMAKE_INSTALL_PREFIX=/home/jotham-prince/Desktop/Robotics/yolobot/install/yolobot_gazebo
[0.811s] DEBUG:colcon.colcon_core.event_handler.log_command:Invoking command in '/home/jotham-prince/Desktop/Robotics/yolobot/build/yolobot_rocognition': CMAKE_PREFIX_PATH=${CMAKE_PREFIX_PATH}:/opt/ros/humble /home/jotham-prince/.local/bin/cmake /home/jotham-prince/Desktop/Robotics/yolobot/src/yolobot_recognition -DAMENT_CMAKE_SYMLINK_INSTALL=1 -DCMAKE_INSTALL_PREFIX=/home/jotham-prince/Desktop/Robotics/yolobot/install/yolobot_rocognition
[1.664s] DEBUG:colcon.colcon_core.event_handler.log_command:Invoked command in '/home/jotham-prince/Desktop/Robotics/yolobot/build/yolobot_rocognition' returned '0': CMAKE_PREFIX_PATH=${CMAKE_PREFIX_PATH}:/opt/ros/humble /home/jotham-prince/.local/bin/cmake /home/jotham-prince/Desktop/Robotics/yolobot/src/yolobot_recognition -DAMENT_CMAKE_SYMLINK_INSTALL=1 -DCMAKE_INSTALL_PREFIX=/home/jotham-prince/Desktop/Robotics/yolobot/install/yolobot_rocognition
[1.665s] DEBUG:colcon.colcon_core.event_handler.log_command:Invoking command in '/home/jotham-prince/Desktop/Robotics/yolobot/build/yolobot_rocognition': CMAKE_PREFIX_PATH=${CMAKE_PREFIX_PATH}:/opt/ros/humble /home/jotham-prince/.local/bin/cmake --build /home/jotham-prince/Desktop/Robotics/yolobot/build/yolobot_rocognition -- -j4 -l4
[1.719s] DEBUG:colcon.colcon_core.event_handler.log_command:Invoked command in '/home/jotham-prince/Desktop/Robotics/yolobot/build/yolobot_control' returned '0': CMAKE_PREFIX_PATH=${CMAKE_PREFIX_PATH}:/opt/ros/humble /home/jotham-prince/.local/bin/cmake /home/jotham-prince/Desktop/Robotics/yolobot/src/yolobot_control -DAMENT_CMAKE_SYMLINK_INSTALL=1 -DCMAKE_INSTALL_PREFIX=/home/jotham-prince/Desktop/Robotics/yolobot/install/yolobot_control
[1.720s] DEBUG:colcon.colcon_core.event_handler.log_command:Invoking command in '/home/jotham-prince/Desktop/Robotics/yolobot/build/yolobot_control': CMAKE_PREFIX_PATH=${CMAKE_PREFIX_PATH}:/opt/ros/humble /home/jotham-prince/.local/bin/cmake --build /home/jotham-prince/Desktop/Robotics/yolobot/build/yolobot_control -- -j4 -l4
[1.792s] DEBUG:colcon.colcon_core.event_handler.log_command:Invoked command in '/home/jotham-prince/Desktop/Robotics/yolobot/build/yolobot_description' returned '0': CMAKE_PREFIX_PATH=${CMAKE_PREFIX_PATH}:/opt/ros/humble /home/jotham-prince/.local/bin/cmake /home/jotham-prince/Desktop/Robotics/yolobot/src/yolobot_description -DAMENT_CMAKE_SYMLINK_INSTALL=1 -DCMAKE_INSTALL_PREFIX=/home/jotham-prince/Desktop/Robotics/yolobot/install/yolobot_description
[1.793s] DEBUG:colcon.colcon_core.event_handler.log_command:Invoking command in '/home/jotham-prince/Desktop/Robotics/yolobot/build/yolobot_description': CMAKE_PREFIX_PATH=${CMAKE_PREFIX_PATH}:/opt/ros/humble /home/jotham-prince/.local/bin/cmake --build /home/jotham-prince/Desktop/Robotics/yolobot/build/yolobot_description -- -j4 -l4
[1.806s] DEBUG:colcon.colcon_core.event_handler.log_command:Invoked command in '/home/jotham-prince/Desktop/Robotics/yolobot/build/yolobot_rocognition' returned '0': CMAKE_PREFIX_PATH=${CMAKE_PREFIX_PATH}:/opt/ros/humble /home/jotham-prince/.local/bin/cmake --build /home/jotham-prince/Desktop/Robotics/yolobot/build/yolobot_rocognition -- -j4 -l4
[1.893s] DEBUG:colcon.colcon_core.event_handler.log_command:Invoked command in '/home/jotham-prince/Desktop/Robotics/yolobot/build/yolobot_gazebo' returned '0': CMAKE_PREFIX_PATH=${CMAKE_PREFIX_PATH}:/opt/ros/humble /home/jotham-prince/.local/bin/cmake /home/jotham-prince/Desktop/Robotics/yolobot/src/yolobot_gazebo -DAMENT_CMAKE_SYMLINK_INSTALL=1 -DCMAKE_INSTALL_PREFIX=/home/jotham-prince/Desktop/Robotics/yolobot/install/yolobot_gazebo
[1.894s] DEBUG:colcon.colcon_core.event_handler.log_command:Invoking command in '/home/jotham-prince/Desktop/Robotics/yolobot/build/yolobot_gazebo': CMAKE_PREFIX_PATH=${CMAKE_PREFIX_PATH}:/opt/ros/humble /home/jotham-prince/.local/bin/cmake --build /home/jotham-prince/Desktop/Robotics/yolobot/build/yolobot_gazebo -- -j4 -l4
[1.907s] DEBUG:colcon.colcon_core.event_handler.log_command:Invoked command in '/home/jotham-prince/Desktop/Robotics/yolobot/build/yolobot_control' returned '0': CMAKE_PREFIX_PATH=${CMAKE_PREFIX_PATH}:/opt/ros/humble /home/jotham-prince/.local/bin/cmake --build /home/jotham-prince/Desktop/Robotics/yolobot/build/yolobot_control -- -j4 -l4
[1.972s] DEBUG:colcon.colcon_core.event_handler.log_command:Invoked command in '/home/jotham-prince/Desktop/Robotics/yolobot/build/yolobot_description' returned '0': CMAKE_PREFIX_PATH=${CMAKE_PREFIX_PATH}:/opt/ros/humble /home/jotham-prince/.local/bin/cmake --build /home/jotham-prince/Desktop/Robotics/yolobot/build/yolobot_description -- -j4 -l4
[2.154s] DEBUG:colcon.colcon_core.event_handler.log_command:Invoking command in '/home/jotham-prince/Desktop/Robotics/yolobot/build/yolobot_rocognition': CMAKE_PREFIX_PATH=${CMAKE_PREFIX_PATH}:/opt/ros/humble /home/jotham-prince/.local/bin/cmake --install /home/jotham-prince/Desktop/Robotics/yolobot/build/yolobot_rocognition
[2.157s] DEBUG:colcon.colcon_core.event_handler.log_command:Invoked command in '/home/jotham-prince/Desktop/Robotics/yolobot/build/yolobot_gazebo' returned '0': CMAKE_PREFIX_PATH=${CMAKE_PREFIX_PATH}:/opt/ros/humble /home/jotham-prince/.local/bin/cmake --build /home/jotham-prince/Desktop/Robotics/yolobot/build/yolobot_gazebo -- -j4 -l4
[2.171s] DEBUG:colcon.colcon_core.event_handler.log_command:Invoking command in '/home/jotham-prince/Desktop/Robotics/yolobot/build/yolobot_control': CMAKE_PREFIX_PATH=${CMAKE_PREFIX_PATH}:/opt/ros/humble /home/jotham-prince/.local/bin/cmake --install /home/jotham-prince/Desktop/Robotics/yolobot/build/yolobot_control
[2.195s] DEBUG:colcon.colcon_core.event_handler.log_command:Invoking command in '/home/jotham-prince/Desktop/Robotics/yolobot/build/yolobot_description': CMAKE_PREFIX_PATH=${CMAKE_PREFIX_PATH}:/opt/ros/humble /home/jotham-prince/.local/bin/cmake --install /home/jotham-prince/Desktop/Robotics/yolobot/build/yolobot_description
[2.263s] Level 1:colcon.colcon_core.environment:create_environment_scripts_only(yolobot_control)
[2.268s] DEBUG:colcon.colcon_core.event_handler.log_command:Invoked command in '/home/jotham-prince/Desktop/Robotics/yolobot/build/yolobot_control' returned '0': CMAKE_PREFIX_PATH=${CMAKE_PREFIX_PATH}:/opt/ros/humble /home/jotham-prince/.local/bin/cmake --install /home/jotham-prince/Desktop/Robotics/yolobot/build/yolobot_control
[2.277s] Level 1:colcon.colcon_core.environment:checking '/home/jotham-prince/Desktop/Robotics/yolobot/install/yolobot_control' for CMake module files
[2.278s] Level 1:colcon.colcon_core.environment:checking '/home/jotham-prince/Desktop/Robotics/yolobot/install/yolobot_control' for CMake config files
[2.280s] Level 1:colcon.colcon_core.shell:create_environment_hook('yolobot_control', 'cmake_prefix_path')
[2.284s] INFO:colcon.colcon_core.shell:Creating environment hook '/home/jotham-prince/Desktop/Robotics/yolobot/install/yolobot_control/share/yolobot_control/hook/cmake_prefix_path.ps1'
[2.286s] INFO:colcon.colcon_core.shell:Creating environment descriptor '/home/jotham-prince/Desktop/Robotics/yolobot/install/yolobot_control/share/yolobot_control/hook/cmake_prefix_path.dsv'
[2.288s] INFO:colcon.colcon_core.shell:Creating environment hook '/home/jotham-prince/Desktop/Robotics/yolobot/install/yolobot_control/share/yolobot_control/hook/cmake_prefix_path.sh'
[2.290s] Level 1:colcon.colcon_core.environment:checking '/home/jotham-prince/Desktop/Robotics/yolobot/install/yolobot_control/lib'
[2.291s] Level 1:colcon.colcon_core.environment:checking '/home/jotham-prince/Desktop/Robotics/yolobot/install/yolobot_control/bin'
[2.291s] Level 1:colcon.colcon_core.environment:checking '/home/jotham-prince/Desktop/Robotics/yolobot/install/yolobot_control/lib/pkgconfig/yolobot_control.pc'
[2.292s] Level 1:colcon.colcon_core.environment:checking '/home/jotham-prince/Desktop/Robotics/yolobot/install/yolobot_control/lib/python3.10/site-packages'
[2.292s] Level 1:colcon.colcon_core.environment:checking '/home/jotham-prince/Desktop/Robotics/yolobot/install/yolobot_control/bin'
[2.297s] INFO:colcon.colcon_core.shell:Creating package script '/home/jotham-prince/Desktop/Robotics/yolobot/install/yolobot_control/share/yolobot_control/package.ps1'
[2.302s] INFO:colcon.colcon_core.shell:Creating package descriptor '/home/jotham-prince/Desktop/Robotics/yolobot/install/yolobot_control/share/yolobot_control/package.dsv'
[2.304s] INFO:colcon.colcon_core.shell:Creating package script '/home/jotham-prince/Desktop/Robotics/yolobot/install/yolobot_control/share/yolobot_control/package.sh'
[2.307s] INFO:colcon.colcon_core.shell:Creating package script '/home/jotham-prince/Desktop/Robotics/yolobot/install/yolobot_control/share/yolobot_control/package.bash'
[2.310s] INFO:colcon.colcon_core.shell:Creating package script '/home/jotham-prince/Desktop/Robotics/yolobot/install/yolobot_control/share/yolobot_control/package.zsh'
[2.312s] Level 1:colcon.colcon_core.environment:create_file_with_runtime_dependencies(/home/jotham-prince/Desktop/Robotics/yolobot/install/yolobot_control/share/colcon-core/packages/yolobot_control)
[2.317s] Level 1:colcon.colcon_core.environment:create_environment_scripts_only(yolobot_rocognition)
[2.323s] Level 1:colcon.colcon_core.environment:checking '/home/jotham-prince/Desktop/Robotics/yolobot/install/yolobot_rocognition' for CMake module files
[2.323s] DEBUG:colcon.colcon_core.event_handler.log_command:Invoked command in '/home/jotham-prince/Desktop/Robotics/yolobot/build/yolobot_rocognition' returned '0': CMAKE_PREFIX_PATH=${CMAKE_PREFIX_PATH}:/opt/ros/humble /home/jotham-prince/.local/bin/cmake --install /home/jotham-prince/Desktop/Robotics/yolobot/build/yolobot_rocognition
[2.324s] Level 1:colcon.colcon_core.environment:checking '/home/jotham-prince/Desktop/Robotics/yolobot/install/yolobot_rocognition' for CMake config files
[2.325s] Level 1:colcon.colcon_core.shell:create_environment_hook('yolobot_rocognition', 'cmake_prefix_path')
[2.327s] INFO:colcon.colcon_core.shell:Creating environment hook '/home/jotham-prince/Desktop/Robotics/yolobot/install/yolobot_rocognition/share/yolobot_rocognition/hook/cmake_prefix_path.ps1'
[2.328s] INFO:colcon.colcon_core.shell:Creating environment descriptor '/home/jotham-prince/Desktop/Robotics/yolobot/install/yolobot_rocognition/share/yolobot_rocognition/hook/cmake_prefix_path.dsv'
[2.328s] INFO:colcon.colcon_core.shell:Creating environment hook '/home/jotham-prince/Desktop/Robotics/yolobot/install/yolobot_rocognition/share/yolobot_rocognition/hook/cmake_prefix_path.sh'
[2.329s] Level 1:colcon.colcon_core.environment:checking '/home/jotham-prince/Desktop/Robotics/yolobot/install/yolobot_rocognition/bin'
[2.329s] Level 1:colcon.colcon_core.environment:checking '/home/jotham-prince/Desktop/Robotics/yolobot/install/yolobot_rocognition/lib/pkgconfig/yolobot_rocognition.pc'
[2.330s] Level 1:colcon.colcon_core.environment:checking '/home/jotham-prince/Desktop/Robotics/yolobot/install/yolobot_rocognition/lib/python3.10/site-packages'
[2.330s] Level 1:colcon.colcon_core.environment:checking '/home/jotham-prince/Desktop/Robotics/yolobot/install/yolobot_rocognition/bin'
[2.332s] INFO:colcon.colcon_core.shell:Creating package script '/home/jotham-prince/Desktop/Robotics/yolobot/install/yolobot_rocognition/share/yolobot_rocognition/package.ps1'
[2.333s] INFO:colcon.colcon_core.shell:Creating package descriptor '/home/jotham-prince/Desktop/Robotics/yolobot/install/yolobot_rocognition/share/yolobot_rocognition/package.dsv'
[2.333s] INFO:colcon.colcon_core.shell:Creating package script '/home/jotham-prince/Desktop/Robotics/yolobot/install/yolobot_rocognition/share/yolobot_rocognition/package.sh'
[2.335s] INFO:colcon.colcon_core.shell:Creating package script '/home/jotham-prince/Desktop/Robotics/yolobot/install/yolobot_rocognition/share/yolobot_rocognition/package.bash'
[2.335s] INFO:colcon.colcon_core.shell:Creating package script '/home/jotham-prince/Desktop/Robotics/yolobot/install/yolobot_rocognition/share/yolobot_rocognition/package.zsh'
[2.336s] Level 1:colcon.colcon_core.environment:create_file_with_runtime_dependencies(/home/jotham-prince/Desktop/Robotics/yolobot/install/yolobot_rocognition/share/colcon-core/packages/yolobot_rocognition)
[2.338s] Level 1:colcon.colcon_core.environment:create_environment_scripts_only(yolobot_description)
[2.344s] Level 1:colcon.colcon_core.environment:checking '/home/jotham-prince/Desktop/Robotics/yolobot/install/yolobot_description' for CMake module files
[2.345s] DEBUG:colcon.colcon_core.event_handler.log_command:Invoked command in '/home/jotham-prince/Desktop/Robotics/yolobot/build/yolobot_description' returned '0': CMAKE_PREFIX_PATH=${CMAKE_PREFIX_PATH}:/opt/ros/humble /home/jotham-prince/.local/bin/cmake --install /home/jotham-prince/Desktop/Robotics/yolobot/build/yolobot_description
[2.346s] Level 1:colcon.colcon_core.environment:checking '/home/jotham-prince/Desktop/Robotics/yolobot/install/yolobot_description' for CMake config files
[2.347s] Level 1:colcon.colcon_core.shell:create_environment_hook('yolobot_description', 'cmake_prefix_path')
[2.351s] INFO:colcon.colcon_core.shell:Creating environment hook '/home/jotham-prince/Desktop/Robotics/yolobot/install/yolobot_description/share/yolobot_description/hook/cmake_prefix_path.ps1'
[2.352s] INFO:colcon.colcon_core.shell:Creating environment descriptor '/home/jotham-prince/Desktop/Robotics/yolobot/install/yolobot_description/share/yolobot_description/hook/cmake_prefix_path.dsv'
[2.353s] INFO:colcon.colcon_core.shell:Creating environment hook '/home/jotham-prince/Desktop/Robotics/yolobot/install/yolobot_description/share/yolobot_description/hook/cmake_prefix_path.sh'
[2.354s] Level 1:colcon.colcon_core.environment:checking '/home/jotham-prince/Desktop/Robotics/yolobot/install/yolobot_description/bin'
[2.354s] Level 1:colcon.colcon_core.environment:checking '/home/jotham-prince/Desktop/Robotics/yolobot/install/yolobot_description/lib/pkgconfig/yolobot_description.pc'
[2.355s] Level 1:colcon.colcon_core.environment:checking '/home/jotham-prince/Desktop/Robotics/yolobot/install/yolobot_description/lib/python3.10/site-packages'
[2.356s] Level 1:colcon.colcon_core.environment:checking '/home/jotham-prince/Desktop/Robotics/yolobot/install/yolobot_description/bin'
[2.360s] INFO:colcon.colcon_core.shell:Creating package script '/home/jotham-prince/Desktop/Robotics/yolobot/install/yolobot_description/share/yolobot_description/package.ps1'
[2.361s] INFO:colcon.colcon_core.shell:Creating package descriptor '/home/jotham-prince/Desktop/Robotics/yolobot/install/yolobot_description/share/yolobot_description/package.dsv'
[2.362s] INFO:colcon.colcon_core.shell:Creating package script '/home/jotham-prince/Desktop/Robotics/yolobot/install/yolobot_description/share/yolobot_description/package.sh'
[2.363s] INFO:colcon.colcon_core.shell:Creating package script '/home/jotham-prince/Desktop/Robotics/yolobot/install/yolobot_description/share/yolobot_description/package.bash'
[2.364s] INFO:colcon.colcon_core.shell:Creating package script '/home/jotham-prince/Desktop/Robotics/yolobot/install/yolobot_description/share/yolobot_description/package.zsh'
[2.365s] Level 1:colcon.colcon_core.environment:create_file_with_runtime_dependencies(/home/jotham-prince/Desktop/Robotics/yolobot/install/yolobot_description/share/colcon-core/packages/yolobot_description)
[2.372s] DEBUG:colcon.colcon_core.event_handler.log_command:Invoking command in '/home/jotham-prince/Desktop/Robotics/yolobot/build/yolobot_gazebo': CMAKE_PREFIX_PATH=${CMAKE_PREFIX_PATH}:/opt/ros/humble /home/jotham-prince/.local/bin/cmake --install /home/jotham-prince/Desktop/Robotics/yolobot/build/yolobot_gazebo
[2.463s] Level 1:colcon.colcon_core.environment:create_environment_scripts_only(yolobot_control)
[2.468s] Level 1:colcon.colcon_core.environment:checking '/home/jotham-prince/Desktop/Robotics/yolobot/install/yolobot_control' for CMake module files
[2.469s] Level 1:colcon.colcon_core.environment:checking '/home/jotham-prince/Desktop/Robotics/yolobot/install/yolobot_control' for CMake config files
[2.470s] Level 1:colcon.colcon_core.shell:create_environment_hook('yolobot_control', 'cmake_prefix_path')
[2.474s] INFO:colcon.colcon_core.shell:Creating environment hook '/home/jotham-prince/Desktop/Robotics/yolobot/install/yolobot_control/share/yolobot_control/hook/cmake_prefix_path.ps1'
[2.477s] INFO:colcon.colcon_core.shell:Creating environment descriptor '/home/jotham-prince/Desktop/Robotics/yolobot/install/yolobot_control/share/yolobot_control/hook/cmake_prefix_path.dsv'
[2.478s] INFO:colcon.colcon_core.shell:Creating environment hook '/home/jotham-prince/Desktop/Robotics/yolobot/install/yolobot_control/share/yolobot_control/hook/cmake_prefix_path.sh'
[2.479s] Level 1:colcon.colcon_core.environment:checking '/home/jotham-prince/Desktop/Robotics/yolobot/install/yolobot_control/lib'
[2.479s] Level 1:colcon.colcon_core.environment:checking '/home/jotham-prince/Desktop/Robotics/yolobot/install/yolobot_control/bin'
[2.480s] Level 1:colcon.colcon_core.environment:checking '/home/jotham-prince/Desktop/Robotics/yolobot/install/yolobot_control/lib/pkgconfig/yolobot_control.pc'
[2.480s] Level 1:colcon.colcon_core.environment:checking '/home/jotham-prince/Desktop/Robotics/yolobot/install/yolobot_control/lib/python3.10/site-packages'
[2.481s] Level 1:colcon.colcon_core.environment:checking '/home/jotham-prince/Desktop/Robotics/yolobot/install/yolobot_control/bin'
[2.487s] INFO:colcon.colcon_core.shell:Creating package script '/home/jotham-prince/Desktop/Robotics/yolobot/install/yolobot_control/share/yolobot_control/package.ps1'
[2.489s] INFO:colcon.colcon_core.shell:Creating package descriptor '/home/jotham-prince/Desktop/Robotics/yolobot/install/yolobot_control/share/yolobot_control/package.dsv'
[2.490s] INFO:colcon.colcon_core.shell:Creating package script '/home/jotham-prince/Desktop/Robotics/yolobot/install/yolobot_control/share/yolobot_control/package.sh'
[2.491s] INFO:colcon.colcon_core.shell:Creating package script '/home/jotham-prince/Desktop/Robotics/yolobot/install/yolobot_control/share/yolobot_control/package.bash'
[2.492s] INFO:colcon.colcon_core.shell:Creating package script '/home/jotham-prince/Desktop/Robotics/yolobot/install/yolobot_control/share/yolobot_control/package.zsh'
[2.494s] Level 1:colcon.colcon_core.environment:create_file_with_runtime_dependencies(/home/jotham-prince/Desktop/Robotics/yolobot/install/yolobot_control/share/colcon-core/packages/yolobot_control)
[2.517s] Level 1:colcon.colcon_core.environment:create_environment_scripts_only(yolobot_rocognition)
[2.521s] Level 1:colcon.colcon_core.environment:checking '/home/jotham-prince/Desktop/Robotics/yolobot/install/yolobot_rocognition' for CMake module files
[2.523s] Level 1:colcon.colcon_core.environment:checking '/home/jotham-prince/Desktop/Robotics/yolobot/install/yolobot_rocognition' for CMake config files
[2.524s] Level 1:colcon.colcon_core.shell:create_environment_hook('yolobot_rocognition', 'cmake_prefix_path')
[2.526s] INFO:colcon.colcon_core.shell:Creating environment hook '/home/jotham-prince/Desktop/Robotics/yolobot/install/yolobot_rocognition/share/yolobot_rocognition/hook/cmake_prefix_path.ps1'
[2.527s] INFO:colcon.colcon_core.shell:Creating environment descriptor '/home/jotham-prince/Desktop/Robotics/yolobot/install/yolobot_rocognition/share/yolobot_rocognition/hook/cmake_prefix_path.dsv'
[2.527s] INFO:colcon.colcon_core.shell:Creating environment hook '/home/jotham-prince/Desktop/Robotics/yolobot/install/yolobot_rocognition/share/yolobot_rocognition/hook/cmake_prefix_path.sh'
[2.528s] Level 1:colcon.colcon_core.environment:checking '/home/jotham-prince/Desktop/Robotics/yolobot/install/yolobot_rocognition/bin'
[2.528s] Level 1:colcon.colcon_core.environment:checking '/home/jotham-prince/Desktop/Robotics/yolobot/install/yolobot_rocognition/lib/pkgconfig/yolobot_rocognition.pc'
[2.529s] Level 1:colcon.colcon_core.environment:checking '/home/jotham-prince/Desktop/Robotics/yolobot/install/yolobot_rocognition/lib/python3.10/site-packages'
[2.529s] Level 1:colcon.colcon_core.environment:checking '/home/jotham-prince/Desktop/Robotics/yolobot/install/yolobot_rocognition/bin'
[2.531s] INFO:colcon.colcon_core.shell:Creating package script '/home/jotham-prince/Desktop/Robotics/yolobot/install/yolobot_rocognition/share/yolobot_rocognition/package.ps1'
[2.533s] INFO:colcon.colcon_core.shell:Creating package descriptor '/home/jotham-prince/Desktop/Robotics/yolobot/install/yolobot_rocognition/share/yolobot_rocognition/package.dsv'
[2.534s] INFO:colcon.colcon_core.shell:Creating package script '/home/jotham-prince/Desktop/Robotics/yolobot/install/yolobot_rocognition/share/yolobot_rocognition/package.sh'
[2.535s] INFO:colcon.colcon_core.shell:Creating package script '/home/jotham-prince/Desktop/Robotics/yolobot/install/yolobot_rocognition/share/yolobot_rocognition/package.bash'
[2.536s] INFO:colcon.colcon_core.shell:Creating package script '/home/jotham-prince/Desktop/Robotics/yolobot/install/yolobot_rocognition/share/yolobot_rocognition/package.zsh'
[2.537s] Level 1:colcon.colcon_core.environment:create_file_with_runtime_dependencies(/home/jotham-prince/Desktop/Robotics/yolobot/install/yolobot_rocognition/share/colcon-core/packages/yolobot_rocognition)
[2.542s] Level 1:colcon.colcon_core.environment:create_environment_scripts_only(yolobot_description)
[2.548s] Level 1:colcon.colcon_core.environment:checking '/home/jotham-prince/Desktop/Robotics/yolobot/install/yolobot_description' for CMake module files
[2.550s] Level 1:colcon.colcon_core.environment:checking '/home/jotham-prince/Desktop/Robotics/yolobot/install/yolobot_description' for CMake config files
[2.550s] Level 1:colcon.colcon_core.shell:create_environment_hook('yolobot_description', 'cmake_prefix_path')
[2.553s] INFO:colcon.colcon_core.shell:Creating environment hook '/home/jotham-prince/Desktop/Robotics/yolobot/install/yolobot_description/share/yolobot_description/hook/cmake_prefix_path.ps1'
[2.554s] INFO:colcon.colcon_core.shell:Creating environment descriptor '/home/jotham-prince/Desktop/Robotics/yolobot/install/yolobot_description/share/yolobot_description/hook/cmake_prefix_path.dsv'
[2.554s] INFO:colcon.colcon_core.shell:Creating environment hook '/home/jotham-prince/Desktop/Robotics/yolobot/install/yolobot_description/share/yolobot_description/hook/cmake_prefix_path.sh'
[2.555s] Level 1:colcon.colcon_core.environment:checking '/home/jotham-prince/Desktop/Robotics/yolobot/install/yolobot_description/bin'
[2.555s] Level 1:colcon.colcon_core.environment:checking '/home/jotham-prince/Desktop/Robotics/yolobot/install/yolobot_description/lib/pkgconfig/yolobot_description.pc'
[2.556s] Level 1:colcon.colcon_core.environment:checking '/home/jotham-prince/Desktop/Robotics/yolobot/install/yolobot_description/lib/python3.10/site-packages'
[2.556s] Level 1:colcon.colcon_core.environment:checking '/home/jotham-prince/Desktop/Robotics/yolobot/install/yolobot_description/bin'
[2.558s] INFO:colcon.colcon_core.shell:Creating package script '/home/jotham-prince/Desktop/Robotics/yolobot/install/yolobot_description/share/yolobot_description/package.ps1'
[2.559s] INFO:colcon.colcon_core.shell:Creating package descriptor '/home/jotham-prince/Desktop/Robotics/yolobot/install/yolobot_description/share/yolobot_description/package.dsv'
[2.560s] INFO:colcon.colcon_core.shell:Creating package script '/home/jotham-prince/Desktop/Robotics/yolobot/install/yolobot_description/share/yolobot_description/package.sh'
[2.561s] INFO:colcon.colcon_core.shell:Creating package script '/home/jotham-prince/Desktop/Robotics/yolobot/install/yolobot_description/share/yolobot_description/package.bash'
[2.561s] INFO:colcon.colcon_core.shell:Creating package script '/home/jotham-prince/Desktop/Robotics/yolobot/install/yolobot_description/share/yolobot_description/package.zsh'
[2.562s] Level 1:colcon.colcon_core.environment:create_file_with_runtime_dependencies(/home/jotham-prince/Desktop/Robotics/yolobot/install/yolobot_description/share/colcon-core/packages/yolobot_description)
[2.564s] Level 1:colcon.colcon_core.environment:create_environment_scripts_only(yolobot_gazebo)
[2.571s] Level 1:colcon.colcon_core.environment:checking '/home/jotham-prince/Desktop/Robotics/yolobot/install/yolobot_gazebo' for CMake module files
[2.572s] DEBUG:colcon.colcon_core.event_handler.log_command:Invoked command in '/home/jotham-prince/Desktop/Robotics/yolobot/build/yolobot_gazebo' returned '0': CMAKE_PREFIX_PATH=${CMAKE_PREFIX_PATH}:/opt/ros/humble /home/jotham-prince/.local/bin/cmake --install /home/jotham-prince/Desktop/Robotics/yolobot/build/yolobot_gazebo
[2.573s] Level 1:colcon.colcon_core.environment:checking '/home/jotham-prince/Desktop/Robotics/yolobot/install/yolobot_gazebo' for CMake config files
[2.574s] Level 1:colcon.colcon_core.shell:create_environment_hook('yolobot_gazebo', 'cmake_prefix_path')
[2.577s] INFO:colcon.colcon_core.shell:Creating environment hook '/home/jotham-prince/Desktop/Robotics/yolobot/install/yolobot_gazebo/share/yolobot_gazebo/hook/cmake_prefix_path.ps1'
[2.579s] INFO:colcon.colcon_core.shell:Creating environment descriptor '/home/jotham-prince/Desktop/Robotics/yolobot/install/yolobot_gazebo/share/yolobot_gazebo/hook/cmake_prefix_path.dsv'
[2.580s] INFO:colcon.colcon_core.shell:Creating environment hook '/home/jotham-prince/Desktop/Robotics/yolobot/install/yolobot_gazebo/share/yolobot_gazebo/hook/cmake_prefix_path.sh'
[2.581s] Level 1:colcon.colcon_core.environment:checking '/home/jotham-prince/Desktop/Robotics/yolobot/install/yolobot_gazebo/bin'
[2.581s] Level 1:colcon.colcon_core.environment:checking '/home/jotham-prince/Desktop/Robotics/yolobot/install/yolobot_gazebo/lib/pkgconfig/yolobot_gazebo.pc'
[2.582s] Level 1:colcon.colcon_core.environment:checking '/home/jotham-prince/Desktop/Robotics/yolobot/install/yolobot_gazebo/lib/python3.10/site-packages'
[2.582s] Level 1:colcon.colcon_core.environment:checking '/home/jotham-prince/Desktop/Robotics/yolobot/install/yolobot_gazebo/bin'
[2.586s] INFO:colcon.colcon_core.shell:Creating package script '/home/jotham-prince/Desktop/Robotics/yolobot/install/yolobot_gazebo/share/yolobot_gazebo/package.ps1'
[2.590s] INFO:colcon.colcon_core.shell:Creating package descriptor '/home/jotham-prince/Desktop/Robotics/yolobot/install/yolobot_gazebo/share/yolobot_gazebo/package.dsv'
[2.591s] INFO:colcon.colcon_core.shell:Creating package script '/home/jotham-prince/Desktop/Robotics/yolobot/install/yolobot_gazebo/share/yolobot_gazebo/package.sh'
[2.592s] INFO:colcon.colcon_core.shell:Creating package script '/home/jotham-prince/Desktop/Robotics/yolobot/install/yolobot_gazebo/share/yolobot_gazebo/package.bash'
[2.593s] INFO:colcon.colcon_core.shell:Creating package script '/home/jotham-prince/Desktop/Robotics/yolobot/install/yolobot_gazebo/share/yolobot_gazebo/package.zsh'
[2.593s] Level 1:colcon.colcon_core.environment:create_file_with_runtime_dependencies(/home/jotham-prince/Desktop/Robotics/yolobot/install/yolobot_gazebo/share/colcon-core/packages/yolobot_gazebo)
[2.682s] Level 1:colcon.colcon_core.environment:create_environment_scripts_only(yolobot_gazebo)
[2.687s] Level 1:colcon.colcon_core.environment:checking '/home/jotham-prince/Desktop/Robotics/yolobot/install/yolobot_gazebo' for CMake module files
[2.688s] Level 1:colcon.colcon_core.environment:checking '/home/jotham-prince/Desktop/Robotics/yolobot/install/yolobot_gazebo' for CMake config files
[2.689s] Level 1:colcon.colcon_core.shell:create_environment_hook('yolobot_gazebo', 'cmake_prefix_path')
[2.693s] INFO:colcon.colcon_core.shell:Creating environment hook '/home/jotham-prince/Desktop/Robotics/yolobot/install/yolobot_gazebo/share/yolobot_gazebo/hook/cmake_prefix_path.ps1'
[2.694s] INFO:colcon.colcon_core.shell:Creating environment descriptor '/home/jotham-prince/Desktop/Robotics/yolobot/install/yolobot_gazebo/share/yolobot_gazebo/hook/cmake_prefix_path.dsv'
[2.695s] INFO:colcon.colcon_core.shell:Creating environment hook '/home/jotham-prince/Desktop/Robotics/yolobot/install/yolobot_gazebo/share/yolobot_gazebo/hook/cmake_prefix_path.sh'
[2.696s] Level 1:colcon.colcon_core.environment:checking '/home/jotham-prince/Desktop/Robotics/yolobot/install/yolobot_gazebo/bin'
[2.696s] Level 1:colcon.colcon_core.environment:checking '/home/jotham-prince/Desktop/Robotics/yolobot/install/yolobot_gazebo/lib/pkgconfig/yolobot_gazebo.pc'
[2.697s] Level 1:colcon.colcon_core.environment:checking '/home/jotham-prince/Desktop/Robotics/yolobot/install/yolobot_gazebo/lib/python3.10/site-packages'
[2.697s] Level 1:colcon.colcon_core.environment:checking '/home/jotham-prince/Desktop/Robotics/yolobot/install/yolobot_gazebo/bin'
[2.700s] INFO:colcon.colcon_core.shell:Creating package script '/home/jotham-prince/Desktop/Robotics/yolobot/install/yolobot_gazebo/share/yolobot_gazebo/package.ps1'
[2.701s] INFO:colcon.colcon_core.shell:Creating package descriptor '/home/jotham-prince/Desktop/Robotics/yolobot/install/yolobot_gazebo/share/yolobot_gazebo/package.dsv'
[2.702s] INFO:colcon.colcon_core.shell:Creating package script '/home/jotham-prince/Desktop/Robotics/yolobot/install/yolobot_gazebo/share/yolobot_gazebo/package.sh'
[2.703s] INFO:colcon.colcon_core.shell:Creating package script '/home/jotham-prince/Desktop/Robotics/yolobot/install/yolobot_gazebo/share/yolobot_gazebo/package.bash'
[2.704s] INFO:colcon.colcon_core.shell:Creating package script '/home/jotham-prince/Desktop/Robotics/yolobot/install/yolobot_gazebo/share/yolobot_gazebo/package.zsh'
[2.705s] Level 1:colcon.colcon_core.environment:create_file_with_runtime_dependencies(/home/jotham-prince/Desktop/Robotics/yolobot/install/yolobot_gazebo/share/colcon-core/packages/yolobot_gazebo)
[2.705s] DEBUG:colcon.colcon_parallel_executor.executor.parallel:closing loop
[2.706s] DEBUG:colcon.colcon_parallel_executor.executor.parallel:loop closed
[2.706s] DEBUG:colcon.colcon_parallel_executor.executor.parallel:run_until_complete finished with '0'
[2.706s] DEBUG:colcon.colcon_core.event_reactor:joining thread
[2.716s] INFO:colcon.colcon_core.plugin_system:Skipping extension 'colcon_notification.desktop_notification.terminal_notifier': Not used on non-Darwin systems
[2.717s] INFO:colcon.colcon_core.plugin_system:Skipping extension 'colcon_notification.desktop_notification.win32': Not used on non-Windows systems
[2.717s] INFO:colcon.colcon_notification.desktop_notification:Sending desktop notification using 'notify2'
[2.740s] DEBUG:colcon.colcon_core.event_reactor:joined thread
[2.743s] INFO:colcon.colcon_core.shell:Creating prefix script '/home/jotham-prince/Desktop/Robotics/yolobot/install/local_setup.ps1'
[2.745s] INFO:colcon.colcon_core.shell:Creating prefix util module '/home/jotham-prince/Desktop/Robotics/yolobot/install/_local_setup_util_ps1.py'
[2.747s] INFO:colcon.colcon_core.shell:Creating prefix chain script '/home/jotham-prince/Desktop/Robotics/yolobot/install/setup.ps1'
[2.750s] INFO:colcon.colcon_core.shell:Creating prefix script '/home/jotham-prince/Desktop/Robotics/yolobot/install/local_setup.sh'
[2.751s] INFO:colcon.colcon_core.shell:Creating prefix util module '/home/jotham-prince/Desktop/Robotics/yolobot/install/_local_setup_util_sh.py'
[2.752s] INFO:colcon.colcon_core.shell:Creating prefix chain script '/home/jotham-prince/Desktop/Robotics/yolobot/install/setup.sh'
[2.756s] INFO:colcon.colcon_core.shell:Creating prefix script '/home/jotham-prince/Desktop/Robotics/yolobot/install/local_setup.bash'
[2.758s] INFO:colcon.colcon_core.shell:Creating prefix chain script '/home/jotham-prince/Desktop/Robotics/yolobot/install/setup.bash'
[2.762s] INFO:colcon.colcon_core.shell:Creating prefix script '/home/jotham-prince/Desktop/Robotics/yolobot/install/local_setup.zsh'
[2.763s] INFO:colcon.colcon_core.shell:Creating prefix chain script '/home/jotham-prince/Desktop/Robotics/yolobot/install/setup.zsh'
