[0.460s] DEBUG:colcon:Command line arguments: ['/usr/bin/colcon', 'build']
[0.460s] DEBUG:colcon:Parsed command line arguments: Namespace(log_base=None, log_level=None, verb_name='build', build_base='build', install_base='install', merge_install=False, symlink_install=False, test_result_base=None, continue_on_error=False, executor='parallel', parallel_workers=4, event_handlers=None, ignore_user_meta=False, metas=['./colcon.meta'], base_paths=['.'], packages_ignore=None, packages_ignore_regex=None, paths=None, packages_up_to=None, packages_up_to_regex=None, packages_above=None, packages_above_and_dependencies=None, packages_above_depth=None, packages_select_by_dep=None, packages_skip_by_dep=None, packages_skip_up_to=None, packages_select_build_failed=False, packages_skip_build_finished=False, packages_select_test_failures=False, packages_skip_test_passed=False, packages_select=None, packages_skip=None, packages_select_regex=None, packages_skip_regex=None, packages_start=None, packages_end=None, allow_overriding=[], cmake_args=None, cmake_target=None, cmake_target_skip_unavailable=False, cmake_clean_cache=False, cmake_clean_first=False, cmake_force_configure=False, ament_cmake_args=None, catkin_cmake_args=None, catkin_skip_building_tests=False, verb_parser=<colcon_defaults.argument_parser.defaults.DefaultArgumentsDecorator object at 0x7f0d4d9714b0>, verb_extension=<colcon_core.verb.build.BuildVerb object at 0x7f0d4da92e90>, main=<bound method BuildVerb.main of <colcon_core.verb.build.BuildVerb object at 0x7f0d4da92e90>>)
[0.526s] Level 1:colcon.colcon_core.package_discovery:discover_packages(colcon_meta) check parameters
[0.527s] Level 1:colcon.colcon_core.package_discovery:discover_packages(recursive) check parameters
[0.527s] Level 1:colcon.colcon_core.package_discovery:discover_packages(ignore) check parameters
[0.527s] Level 1:colcon.colcon_core.package_discovery:discover_packages(path) check parameters
[0.527s] Level 1:colcon.colcon_core.package_discovery:discover_packages(colcon_meta) discover
[0.527s] Level 1:colcon.colcon_core.package_discovery:discover_packages(recursive) discover
[0.527s] INFO:colcon.colcon_core.package_discovery:Crawling recursively for packages in '/home/jotham-prince/Desktop/Robotics/yolobot'
[0.528s] Level 1:colcon.colcon_core.package_identification:_identify(.) by extensions ['ignore', 'ignore_ament_install']
[0.528s] Level 1:colcon.colcon_core.package_identification:_identify(.) by extension 'ignore'
[0.528s] Level 1:colcon.colcon_core.package_identification:_identify(.) by extension 'ignore_ament_install'
[0.528s] Level 1:colcon.colcon_core.package_identification:_identify(.) by extensions ['colcon_pkg']
[0.528s] Level 1:colcon.colcon_core.package_identification:_identify(.) by extension 'colcon_pkg'
[0.528s] Level 1:colcon.colcon_core.package_identification:_identify(.) by extensions ['colcon_meta']
[0.528s] Level 1:colcon.colcon_core.package_identification:_identify(.) by extension 'colcon_meta'
[0.528s] Level 1:colcon.colcon_core.package_identification:_identify(.) by extensions ['ros']
[0.529s] Level 1:colcon.colcon_core.package_identification:_identify(.) by extension 'ros'
[0.558s] Level 1:colcon.colcon_core.package_identification:_identify(.) by extensions ['cmake', 'python']
[0.558s] Level 1:colcon.colcon_core.package_identification:_identify(.) by extension 'cmake'
[0.558s] Level 1:colcon.colcon_core.package_identification:_identify(.) by extension 'python'
[0.558s] Level 1:colcon.colcon_core.package_identification:_identify(.) by extensions ['python_setup_py']
[0.559s] Level 1:colcon.colcon_core.package_identification:_identify(.) by extension 'python_setup_py'
[0.559s] Level 1:colcon.colcon_core.package_identification:_identify(build) by extensions ['ignore', 'ignore_ament_install']
[0.559s] Level 1:colcon.colcon_core.package_identification:_identify(build) by extension 'ignore'
[0.559s] Level 1:colcon.colcon_core.package_identification:_identify(build) ignored
[0.559s] Level 1:colcon.colcon_core.package_identification:_identify(install) by extensions ['ignore', 'ignore_ament_install']
[0.559s] Level 1:colcon.colcon_core.package_identification:_identify(install) by extension 'ignore'
[0.559s] Level 1:colcon.colcon_core.package_identification:_identify(install) ignored
[0.560s] Level 1:colcon.colcon_core.package_identification:_identify(log) by extensions ['ignore', 'ignore_ament_install']
[0.560s] Level 1:colcon.colcon_core.package_identification:_identify(log) by extension 'ignore'
[0.560s] Level 1:colcon.colcon_core.package_identification:_identify(log) ignored
[0.560s] Level 1:colcon.colcon_core.package_identification:_identify(src) by extensions ['ignore', 'ignore_ament_install']
[0.560s] Level 1:colcon.colcon_core.package_identification:_identify(src) by extension 'ignore'
[0.560s] Level 1:colcon.colcon_core.package_identification:_identify(src) by extension 'ignore_ament_install'
[0.560s] Level 1:colcon.colcon_core.package_identification:_identify(src) by extensions ['colcon_pkg']
[0.560s] Level 1:colcon.colcon_core.package_identification:_identify(src) by extension 'colcon_pkg'
[0.560s] Level 1:colcon.colcon_core.package_identification:_identify(src) by extensions ['colcon_meta']
[0.560s] Level 1:colcon.colcon_core.package_identification:_identify(src) by extension 'colcon_meta'
[0.560s] Level 1:colcon.colcon_core.package_identification:_identify(src) by extensions ['ros']
[0.561s] Level 1:colcon.colcon_core.package_identification:_identify(src) by extension 'ros'
[0.561s] Level 1:colcon.colcon_core.package_identification:_identify(src) by extensions ['cmake', 'python']
[0.561s] Level 1:colcon.colcon_core.package_identification:_identify(src) by extension 'cmake'
[0.561s] Level 1:colcon.colcon_core.package_identification:_identify(src) by extension 'python'
[0.561s] Level 1:colcon.colcon_core.package_identification:_identify(src) by extensions ['python_setup_py']
[0.561s] Level 1:colcon.colcon_core.package_identification:_identify(src) by extension 'python_setup_py'
[0.561s] Level 1:colcon.colcon_core.package_identification:_identify(src/yolobot_control) by extensions ['ignore', 'ignore_ament_install']
[0.561s] Level 1:colcon.colcon_core.package_identification:_identify(src/yolobot_control) by extension 'ignore'
[0.561s] Level 1:colcon.colcon_core.package_identification:_identify(src/yolobot_control) by extension 'ignore_ament_install'
[0.561s] Level 1:colcon.colcon_core.package_identification:_identify(src/yolobot_control) by extensions ['colcon_pkg']
[0.561s] Level 1:colcon.colcon_core.package_identification:_identify(src/yolobot_control) by extension 'colcon_pkg'
[0.561s] Level 1:colcon.colcon_core.package_identification:_identify(src/yolobot_control) by extensions ['colcon_meta']
[0.562s] Level 1:colcon.colcon_core.package_identification:_identify(src/yolobot_control) by extension 'colcon_meta'
[0.562s] Level 1:colcon.colcon_core.package_identification:_identify(src/yolobot_control) by extensions ['ros']
[0.562s] Level 1:colcon.colcon_core.package_identification:_identify(src/yolobot_control) by extension 'ros'
[0.565s] DEBUG:colcon.colcon_core.package_identification:Package 'src/yolobot_control' with type 'ros.ament_cmake' and name 'yolobot_control'
[0.565s] Level 1:colcon.colcon_core.package_identification:_identify(src/yolobot_description) by extensions ['ignore', 'ignore_ament_install']
[0.566s] Level 1:colcon.colcon_core.package_identification:_identify(src/yolobot_description) by extension 'ignore'
[0.566s] Level 1:colcon.colcon_core.package_identification:_identify(src/yolobot_description) by extension 'ignore_ament_install'
[0.566s] Level 1:colcon.colcon_core.package_identification:_identify(src/yolobot_description) by extensions ['colcon_pkg']
[0.566s] Level 1:colcon.colcon_core.package_identification:_identify(src/yolobot_description) by extension 'colcon_pkg'
[0.566s] Level 1:colcon.colcon_core.package_identification:_identify(src/yolobot_description) by extensions ['colcon_meta']
[0.566s] Level 1:colcon.colcon_core.package_identification:_identify(src/yolobot_description) by extension 'colcon_meta'
[0.566s] Level 1:colcon.colcon_core.package_identification:_identify(src/yolobot_description) by extensions ['ros']
[0.566s] Level 1:colcon.colcon_core.package_identification:_identify(src/yolobot_description) by extension 'ros'
[0.567s] DEBUG:colcon.colcon_core.package_identification:Package 'src/yolobot_description' with type 'ros.ament_cmake' and name 'yolobot_description'
[0.567s] Level 1:colcon.colcon_core.package_identification:_identify(src/yolobot_gazebo) by extensions ['ignore', 'ignore_ament_install']
[0.567s] Level 1:colcon.colcon_core.package_identification:_identify(src/yolobot_gazebo) by extension 'ignore'
[0.567s] Level 1:colcon.colcon_core.package_identification:_identify(src/yolobot_gazebo) by extension 'ignore_ament_install'
[0.568s] Level 1:colcon.colcon_core.package_identification:_identify(src/yolobot_gazebo) by extensions ['colcon_pkg']
[0.568s] Level 1:colcon.colcon_core.package_identification:_identify(src/yolobot_gazebo) by extension 'colcon_pkg'
[0.568s] Level 1:colcon.colcon_core.package_identification:_identify(src/yolobot_gazebo) by extensions ['colcon_meta']
[0.568s] Level 1:colcon.colcon_core.package_identification:_identify(src/yolobot_gazebo) by extension 'colcon_meta'
[0.568s] Level 1:colcon.colcon_core.package_identification:_identify(src/yolobot_gazebo) by extensions ['ros']
[0.568s] Level 1:colcon.colcon_core.package_identification:_identify(src/yolobot_gazebo) by extension 'ros'
[0.569s] DEBUG:colcon.colcon_core.package_identification:Package 'src/yolobot_gazebo' with type 'ros.ament_cmake' and name 'yolobot_gazebo'
[0.569s] Level 1:colcon.colcon_core.package_identification:_identify(src/yolobot_recognition) by extensions ['ignore', 'ignore_ament_install']
[0.569s] Level 1:colcon.colcon_core.package_identification:_identify(src/yolobot_recognition) by extension 'ignore'
[0.569s] Level 1:colcon.colcon_core.package_identification:_identify(src/yolobot_recognition) by extension 'ignore_ament_install'
[0.569s] Level 1:colcon.colcon_core.package_identification:_identify(src/yolobot_recognition) by extensions ['colcon_pkg']
[0.569s] Level 1:colcon.colcon_core.package_identification:_identify(src/yolobot_recognition) by extension 'colcon_pkg'
[0.569s] Level 1:colcon.colcon_core.package_identification:_identify(src/yolobot_recognition) by extensions ['colcon_meta']
[0.569s] Level 1:colcon.colcon_core.package_identification:_identify(src/yolobot_recognition) by extension 'colcon_meta'
[0.569s] Level 1:colcon.colcon_core.package_identification:_identify(src/yolobot_recognition) by extensions ['ros']
[0.569s] Level 1:colcon.colcon_core.package_identification:_identify(src/yolobot_recognition) by extension 'ros'
[0.570s] DEBUG:colcon.colcon_core.package_identification:Package 'src/yolobot_recognition' with type 'ros.ament_cmake' and name 'yolobot_rocognition'
[0.570s] Level 1:colcon.colcon_core.package_discovery:discover_packages(recursive) using defaults
[0.570s] Level 1:colcon.colcon_core.package_discovery:discover_packages(ignore) discover
[0.570s] Level 1:colcon.colcon_core.package_discovery:discover_packages(ignore) using defaults
[0.570s] Level 1:colcon.colcon_core.package_discovery:discover_packages(path) discover
[0.570s] Level 1:colcon.colcon_core.package_discovery:discover_packages(path) using defaults
[0.608s] Level 1:colcon.colcon_core.package_discovery:discover_packages(prefix_path) check parameters
[0.609s] Level 1:colcon.colcon_core.package_discovery:discover_packages(prefix_path) discover
[0.613s] DEBUG:colcon.colcon_installed_package_information.package_discovery:Found 4 installed packages in /home/jotham-prince/Desktop/Robotics/yolobot/install
[0.617s] DEBUG:colcon.colcon_installed_package_information.package_discovery:Found 395 installed packages in /opt/ros/humble
[0.621s] Level 1:colcon.colcon_core.package_discovery:discover_packages(prefix_path) using defaults
[0.740s] Level 5:colcon.colcon_core.verb:set package 'yolobot_control' build argument 'cmake_args' from command line to 'None'
[0.740s] Level 5:colcon.colcon_core.verb:set package 'yolobot_control' build argument 'cmake_target' from command line to 'None'
[0.740s] Level 5:colcon.colcon_core.verb:set package 'yolobot_control' build argument 'cmake_target_skip_unavailable' from command line to 'False'
[0.740s] Level 5:colcon.colcon_core.verb:set package 'yolobot_control' build argument 'cmake_clean_cache' from command line to 'False'
[0.741s] Level 5:colcon.colcon_core.verb:set package 'yolobot_control' build argument 'cmake_clean_first' from command line to 'False'
[0.741s] Level 5:colcon.colcon_core.verb:set package 'yolobot_control' build argument 'cmake_force_configure' from command line to 'False'
[0.741s] Level 5:colcon.colcon_core.verb:set package 'yolobot_control' build argument 'ament_cmake_args' from command line to 'None'
[0.741s] Level 5:colcon.colcon_core.verb:set package 'yolobot_control' build argument 'catkin_cmake_args' from command line to 'None'
[0.741s] Level 5:colcon.colcon_core.verb:set package 'yolobot_control' build argument 'catkin_skip_building_tests' from command line to 'False'
[0.741s] DEBUG:colcon.colcon_core.verb:Building package 'yolobot_control' with the following arguments: {'ament_cmake_args': None, 'build_base': '/home/jotham-prince/Desktop/Robotics/yolobot/build/yolobot_control', 'catkin_cmake_args': None, 'catkin_skip_building_tests': False, 'cmake_args': None, 'cmake_clean_cache': False, 'cmake_clean_first': False, 'cmake_force_configure': False, 'cmake_target': None, 'cmake_target_skip_unavailable': False, 'install_base': '/home/jotham-prince/Desktop/Robotics/yolobot/install/yolobot_control', 'merge_install': False, 'path': '/home/jotham-prince/Desktop/Robotics/yolobot/src/yolobot_control', 'symlink_install': False, 'test_result_base': None}
[0.742s] Level 5:colcon.colcon_core.verb:set package 'yolobot_description' build argument 'cmake_args' from command line to 'None'
[0.742s] Level 5:colcon.colcon_core.verb:set package 'yolobot_description' build argument 'cmake_target' from command line to 'None'
[0.742s] Level 5:colcon.colcon_core.verb:set package 'yolobot_description' build argument 'cmake_target_skip_unavailable' from command line to 'False'
[0.742s] Level 5:colcon.colcon_core.verb:set package 'yolobot_description' build argument 'cmake_clean_cache' from command line to 'False'
[0.743s] Level 5:colcon.colcon_core.verb:set package 'yolobot_description' build argument 'cmake_clean_first' from command line to 'False'
[0.743s] Level 5:colcon.colcon_core.verb:set package 'yolobot_description' build argument 'cmake_force_configure' from command line to 'False'
[0.743s] Level 5:colcon.colcon_core.verb:set package 'yolobot_description' build argument 'ament_cmake_args' from command line to 'None'
[0.743s] Level 5:colcon.colcon_core.verb:set package 'yolobot_description' build argument 'catkin_cmake_args' from command line to 'None'
[0.743s] Level 5:colcon.colcon_core.verb:set package 'yolobot_description' build argument 'catkin_skip_building_tests' from command line to 'False'
[0.743s] DEBUG:colcon.colcon_core.verb:Building package 'yolobot_description' with the following arguments: {'ament_cmake_args': None, 'build_base': '/home/jotham-prince/Desktop/Robotics/yolobot/build/yolobot_description', 'catkin_cmake_args': None, 'catkin_skip_building_tests': False, 'cmake_args': None, 'cmake_clean_cache': False, 'cmake_clean_first': False, 'cmake_force_configure': False, 'cmake_target': None, 'cmake_target_skip_unavailable': False, 'install_base': '/home/jotham-prince/Desktop/Robotics/yolobot/install/yolobot_description', 'merge_install': False, 'path': '/home/jotham-prince/Desktop/Robotics/yolobot/src/yolobot_description', 'symlink_install': False, 'test_result_base': None}
[0.744s] Level 5:colcon.colcon_core.verb:set package 'yolobot_gazebo' build argument 'cmake_args' from command line to 'None'
[0.744s] Level 5:colcon.colcon_core.verb:set package 'yolobot_gazebo' build argument 'cmake_target' from command line to 'None'
[0.744s] Level 5:colcon.colcon_core.verb:set package 'yolobot_gazebo' build argument 'cmake_target_skip_unavailable' from command line to 'False'
[0.744s] Level 5:colcon.colcon_core.verb:set package 'yolobot_gazebo' build argument 'cmake_clean_cache' from command line to 'False'
[0.744s] Level 5:colcon.colcon_core.verb:set package 'yolobot_gazebo' build argument 'cmake_clean_first' from command line to 'False'
[0.744s] Level 5:colcon.colcon_core.verb:set package 'yolobot_gazebo' build argument 'cmake_force_configure' from command line to 'False'
[0.744s] Level 5:colcon.colcon_core.verb:set package 'yolobot_gazebo' build argument 'ament_cmake_args' from command line to 'None'
[0.744s] Level 5:colcon.colcon_core.verb:set package 'yolobot_gazebo' build argument 'catkin_cmake_args' from command line to 'None'
[0.745s] Level 5:colcon.colcon_core.verb:set package 'yolobot_gazebo' build argument 'catkin_skip_building_tests' from command line to 'False'
[0.745s] DEBUG:colcon.colcon_core.verb:Building package 'yolobot_gazebo' with the following arguments: {'ament_cmake_args': None, 'build_base': '/home/jotham-prince/Desktop/Robotics/yolobot/build/yolobot_gazebo', 'catkin_cmake_args': None, 'catkin_skip_building_tests': False, 'cmake_args': None, 'cmake_clean_cache': False, 'cmake_clean_first': False, 'cmake_force_configure': False, 'cmake_target': None, 'cmake_target_skip_unavailable': False, 'install_base': '/home/jotham-prince/Desktop/Robotics/yolobot/install/yolobot_gazebo', 'merge_install': False, 'path': '/home/jotham-prince/Desktop/Robotics/yolobot/src/yolobot_gazebo', 'symlink_install': False, 'test_result_base': None}
[0.746s] Level 5:colcon.colcon_core.verb:set package 'yolobot_rocognition' build argument 'cmake_args' from command line to 'None'
[0.746s] Level 5:colcon.colcon_core.verb:set package 'yolobot_rocognition' build argument 'cmake_target' from command line to 'None'
[0.746s] Level 5:colcon.colcon_core.verb:set package 'yolobot_rocognition' build argument 'cmake_target_skip_unavailable' from command line to 'False'
[0.746s] Level 5:colcon.colcon_core.verb:set package 'yolobot_rocognition' build argument 'cmake_clean_cache' from command line to 'False'
[0.746s] Level 5:colcon.colcon_core.verb:set package 'yolobot_rocognition' build argument 'cmake_clean_first' from command line to 'False'
[0.746s] Level 5:colcon.colcon_core.verb:set package 'yolobot_rocognition' build argument 'cmake_force_configure' from command line to 'False'
[0.746s] Level 5:colcon.colcon_core.verb:set package 'yolobot_rocognition' build argument 'ament_cmake_args' from command line to 'None'
[0.746s] Level 5:colcon.colcon_core.verb:set package 'yolobot_rocognition' build argument 'catkin_cmake_args' from command line to 'None'
[0.746s] Level 5:colcon.colcon_core.verb:set package 'yolobot_rocognition' build argument 'catkin_skip_building_tests' from command line to 'False'
[0.746s] DEBUG:colcon.colcon_core.verb:Building package 'yolobot_rocognition' with the following arguments: {'ament_cmake_args': None, 'build_base': '/home/jotham-prince/Desktop/Robotics/yolobot/build/yolobot_rocognition', 'catkin_cmake_args': None, 'catkin_skip_building_tests': False, 'cmake_args': None, 'cmake_clean_cache': False, 'cmake_clean_first': False, 'cmake_force_configure': False, 'cmake_target': None, 'cmake_target_skip_unavailable': False, 'install_base': '/home/jotham-prince/Desktop/Robotics/yolobot/install/yolobot_rocognition', 'merge_install': False, 'path': '/home/jotham-prince/Desktop/Robotics/yolobot/src/yolobot_recognition', 'symlink_install': False, 'test_result_base': None}
[0.747s] INFO:colcon.colcon_core.executor:Executing jobs using 'parallel' executor
[0.752s] DEBUG:colcon.colcon_parallel_executor.executor.parallel:run_until_complete
[0.752s] INFO:colcon.colcon_ros.task.ament_cmake.build:Building ROS package in '/home/jotham-prince/Desktop/Robotics/yolobot/src/yolobot_control' with build type 'ament_cmake'
[0.753s] INFO:colcon.colcon_cmake.task.cmake.build:Building CMake package in '/home/jotham-prince/Desktop/Robotics/yolobot/src/yolobot_control'
[0.759s] INFO:colcon.colcon_core.plugin_system:Skipping extension 'colcon_core.shell.bat': Not used on non-Windows systems
[0.760s] INFO:colcon.colcon_core.shell:Skip shell extension 'powershell' for command environment: Not usable outside of PowerShell
[0.760s] DEBUG:colcon.colcon_core.shell:Skip shell extension 'dsv' for command environment
[0.769s] INFO:colcon.colcon_ros.task.ament_cmake.build:Building ROS package in '/home/jotham-prince/Desktop/Robotics/yolobot/src/yolobot_description' with build type 'ament_cmake'
[0.769s] INFO:colcon.colcon_cmake.task.cmake.build:Building CMake package in '/home/jotham-prince/Desktop/Robotics/yolobot/src/yolobot_description'
[0.771s] INFO:colcon.colcon_core.shell:Skip shell extension 'powershell' for command environment: Not usable outside of PowerShell
[0.771s] DEBUG:colcon.colcon_core.shell:Skip shell extension 'dsv' for command environment
[0.779s] INFO:colcon.colcon_ros.task.ament_cmake.build:Building ROS package in '/home/jotham-prince/Desktop/Robotics/yolobot/src/yolobot_gazebo' with build type 'ament_cmake'
[0.779s] INFO:colcon.colcon_cmake.task.cmake.build:Building CMake package in '/home/jotham-prince/Desktop/Robotics/yolobot/src/yolobot_gazebo'
[0.782s] INFO:colcon.colcon_core.shell:Skip shell extension 'powershell' for command environment: Not usable outside of PowerShell
[0.782s] DEBUG:colcon.colcon_core.shell:Skip shell extension 'dsv' for command environment
[0.792s] INFO:colcon.colcon_ros.task.ament_cmake.build:Building ROS package in '/home/jotham-prince/Desktop/Robotics/yolobot/src/yolobot_recognition' with build type 'ament_cmake'
[0.792s] INFO:colcon.colcon_cmake.task.cmake.build:Building CMake package in '/home/jotham-prince/Desktop/Robotics/yolobot/src/yolobot_recognition'
[0.794s] INFO:colcon.colcon_core.shell:Skip shell extension 'powershell' for command environment: Not usable outside of PowerShell
[0.794s] DEBUG:colcon.colcon_core.shell:Skip shell extension 'dsv' for command environment
[0.810s] DEBUG:colcon.colcon_core.event_handler.log_command:Invoking command in '/home/jotham-prince/Desktop/Robotics/yolobot/build/yolobot_control': CMAKE_PREFIX_PATH=${CMAKE_PREFIX_PATH}:/opt/ros/humble /home/jotham-prince/.local/bin/cmake /home/jotham-prince/Desktop/Robotics/yolobot/src/yolobot_control -DCMAKE_INSTALL_PREFIX=/home/jotham-prince/Desktop/Robotics/yolobot/install/yolobot_control
[0.817s] DEBUG:colcon.colcon_core.event_handler.log_command:Invoking command in '/home/jotham-prince/Desktop/Robotics/yolobot/build/yolobot_description': CMAKE_PREFIX_PATH=${CMAKE_PREFIX_PATH}:/opt/ros/humble /home/jotham-prince/.local/bin/cmake /home/jotham-prince/Desktop/Robotics/yolobot/src/yolobot_description -DCMAKE_INSTALL_PREFIX=/home/jotham-prince/Desktop/Robotics/yolobot/install/yolobot_description
[0.821s] DEBUG:colcon.colcon_core.event_handler.log_command:Invoking command in '/home/jotham-prince/Desktop/Robotics/yolobot/build/yolobot_gazebo': CMAKE_PREFIX_PATH=${CMAKE_PREFIX_PATH}:/opt/ros/humble /home/jotham-prince/.local/bin/cmake /home/jotham-prince/Desktop/Robotics/yolobot/src/yolobot_gazebo -DCMAKE_INSTALL_PREFIX=/home/jotham-prince/Desktop/Robotics/yolobot/install/yolobot_gazebo
[0.832s] DEBUG:colcon.colcon_core.event_handler.log_command:Invoking command in '/home/jotham-prince/Desktop/Robotics/yolobot/build/yolobot_rocognition': CMAKE_PREFIX_PATH=${CMAKE_PREFIX_PATH}:/opt/ros/humble /home/jotham-prince/.local/bin/cmake /home/jotham-prince/Desktop/Robotics/yolobot/src/yolobot_recognition -DCMAKE_INSTALL_PREFIX=/home/jotham-prince/Desktop/Robotics/yolobot/install/yolobot_rocognition
[1.542s] DEBUG:colcon.colcon_core.event_handler.log_command:Invoked command in '/home/jotham-prince/Desktop/Robotics/yolobot/build/yolobot_gazebo' returned '0': CMAKE_PREFIX_PATH=${CMAKE_PREFIX_PATH}:/opt/ros/humble /home/jotham-prince/.local/bin/cmake /home/jotham-prince/Desktop/Robotics/yolobot/src/yolobot_gazebo -DCMAKE_INSTALL_PREFIX=/home/jotham-prince/Desktop/Robotics/yolobot/install/yolobot_gazebo
[1.543s] DEBUG:colcon.colcon_core.event_handler.log_command:Invoking command in '/home/jotham-prince/Desktop/Robotics/yolobot/build/yolobot_gazebo': CMAKE_PREFIX_PATH=${CMAKE_PREFIX_PATH}:/opt/ros/humble /home/jotham-prince/.local/bin/cmake --build /home/jotham-prince/Desktop/Robotics/yolobot/build/yolobot_gazebo -- -j4 -l4
[1.615s] DEBUG:colcon.colcon_core.event_handler.log_command:Invoked command in '/home/jotham-prince/Desktop/Robotics/yolobot/build/yolobot_description' returned '0': CMAKE_PREFIX_PATH=${CMAKE_PREFIX_PATH}:/opt/ros/humble /home/jotham-prince/.local/bin/cmake /home/jotham-prince/Desktop/Robotics/yolobot/src/yolobot_description -DCMAKE_INSTALL_PREFIX=/home/jotham-prince/Desktop/Robotics/yolobot/install/yolobot_description
[1.616s] DEBUG:colcon.colcon_core.event_handler.log_command:Invoking command in '/home/jotham-prince/Desktop/Robotics/yolobot/build/yolobot_description': CMAKE_PREFIX_PATH=${CMAKE_PREFIX_PATH}:/opt/ros/humble /home/jotham-prince/.local/bin/cmake --build /home/jotham-prince/Desktop/Robotics/yolobot/build/yolobot_description -- -j4 -l4
[1.680s] DEBUG:colcon.colcon_core.event_handler.log_command:Invoked command in '/home/jotham-prince/Desktop/Robotics/yolobot/build/yolobot_control' returned '0': CMAKE_PREFIX_PATH=${CMAKE_PREFIX_PATH}:/opt/ros/humble /home/jotham-prince/.local/bin/cmake /home/jotham-prince/Desktop/Robotics/yolobot/src/yolobot_control -DCMAKE_INSTALL_PREFIX=/home/jotham-prince/Desktop/Robotics/yolobot/install/yolobot_control
[1.681s] DEBUG:colcon.colcon_core.event_handler.log_command:Invoking command in '/home/jotham-prince/Desktop/Robotics/yolobot/build/yolobot_control': CMAKE_PREFIX_PATH=${CMAKE_PREFIX_PATH}:/opt/ros/humble /home/jotham-prince/.local/bin/cmake --build /home/jotham-prince/Desktop/Robotics/yolobot/build/yolobot_control -- -j4 -l4
[1.721s] DEBUG:colcon.colcon_core.event_handler.log_command:Invoked command in '/home/jotham-prince/Desktop/Robotics/yolobot/build/yolobot_gazebo' returned '0': CMAKE_PREFIX_PATH=${CMAKE_PREFIX_PATH}:/opt/ros/humble /home/jotham-prince/.local/bin/cmake --build /home/jotham-prince/Desktop/Robotics/yolobot/build/yolobot_gazebo -- -j4 -l4
[1.746s] DEBUG:colcon.colcon_core.event_handler.log_command:Invoked command in '/home/jotham-prince/Desktop/Robotics/yolobot/build/yolobot_description' returned '0': CMAKE_PREFIX_PATH=${CMAKE_PREFIX_PATH}:/opt/ros/humble /home/jotham-prince/.local/bin/cmake --build /home/jotham-prince/Desktop/Robotics/yolobot/build/yolobot_description -- -j4 -l4
[1.818s] DEBUG:colcon.colcon_core.event_handler.log_command:Invoked command in '/home/jotham-prince/Desktop/Robotics/yolobot/build/yolobot_control' returned '0': CMAKE_PREFIX_PATH=${CMAKE_PREFIX_PATH}:/opt/ros/humble /home/jotham-prince/.local/bin/cmake --build /home/jotham-prince/Desktop/Robotics/yolobot/build/yolobot_control -- -j4 -l4
[1.824s] DEBUG:colcon.colcon_core.event_handler.log_command:Invoked command in '/home/jotham-prince/Desktop/Robotics/yolobot/build/yolobot_rocognition' returned '0': CMAKE_PREFIX_PATH=${CMAKE_PREFIX_PATH}:/opt/ros/humble /home/jotham-prince/.local/bin/cmake /home/jotham-prince/Desktop/Robotics/yolobot/src/yolobot_recognition -DCMAKE_INSTALL_PREFIX=/home/jotham-prince/Desktop/Robotics/yolobot/install/yolobot_rocognition
[1.825s] DEBUG:colcon.colcon_core.event_handler.log_command:Invoking command in '/home/jotham-prince/Desktop/Robotics/yolobot/build/yolobot_rocognition': CMAKE_PREFIX_PATH=${CMAKE_PREFIX_PATH}:/opt/ros/humble /home/jotham-prince/.local/bin/cmake --build /home/jotham-prince/Desktop/Robotics/yolobot/build/yolobot_rocognition -- -j4 -l4
[1.974s] DEBUG:colcon.colcon_core.event_handler.log_command:Invoking command in '/home/jotham-prince/Desktop/Robotics/yolobot/build/yolobot_gazebo': CMAKE_PREFIX_PATH=${CMAKE_PREFIX_PATH}:/opt/ros/humble /home/jotham-prince/.local/bin/cmake --install /home/jotham-prince/Desktop/Robotics/yolobot/build/yolobot_gazebo
[1.977s] DEBUG:colcon.colcon_core.event_handler.log_command:Invoked command in '/home/jotham-prince/Desktop/Robotics/yolobot/build/yolobot_rocognition' returned '0': CMAKE_PREFIX_PATH=${CMAKE_PREFIX_PATH}:/opt/ros/humble /home/jotham-prince/.local/bin/cmake --build /home/jotham-prince/Desktop/Robotics/yolobot/build/yolobot_rocognition -- -j4 -l4
[1.982s] DEBUG:colcon.colcon_core.event_handler.log_command:Invoking command in '/home/jotham-prince/Desktop/Robotics/yolobot/build/yolobot_control': CMAKE_PREFIX_PATH=${CMAKE_PREFIX_PATH}:/opt/ros/humble /home/jotham-prince/.local/bin/cmake --install /home/jotham-prince/Desktop/Robotics/yolobot/build/yolobot_control
[1.984s] DEBUG:colcon.colcon_core.event_handler.log_command:Invoking command in '/home/jotham-prince/Desktop/Robotics/yolobot/build/yolobot_description': CMAKE_PREFIX_PATH=${CMAKE_PREFIX_PATH}:/opt/ros/humble /home/jotham-prince/.local/bin/cmake --install /home/jotham-prince/Desktop/Robotics/yolobot/build/yolobot_description
[2.103s] Level 1:colcon.colcon_core.environment:create_environment_scripts_only(yolobot_gazebo)
[2.126s] Level 1:colcon.colcon_core.environment:checking '/home/jotham-prince/Desktop/Robotics/yolobot/install/yolobot_gazebo' for CMake module files
[2.127s] DEBUG:colcon.colcon_core.event_handler.log_command:Invoked command in '/home/jotham-prince/Desktop/Robotics/yolobot/build/yolobot_gazebo' returned '0': CMAKE_PREFIX_PATH=${CMAKE_PREFIX_PATH}:/opt/ros/humble /home/jotham-prince/.local/bin/cmake --install /home/jotham-prince/Desktop/Robotics/yolobot/build/yolobot_gazebo
[2.129s] Level 1:colcon.colcon_core.environment:checking '/home/jotham-prince/Desktop/Robotics/yolobot/install/yolobot_gazebo' for CMake config files
[2.130s] Level 1:colcon.colcon_core.shell:create_environment_hook('yolobot_gazebo', 'cmake_prefix_path')
[2.134s] INFO:colcon.colcon_core.shell:Creating environment hook '/home/jotham-prince/Desktop/Robotics/yolobot/install/yolobot_gazebo/share/yolobot_gazebo/hook/cmake_prefix_path.ps1'
[2.135s] INFO:colcon.colcon_core.shell:Creating environment descriptor '/home/jotham-prince/Desktop/Robotics/yolobot/install/yolobot_gazebo/share/yolobot_gazebo/hook/cmake_prefix_path.dsv'
[2.136s] INFO:colcon.colcon_core.shell:Creating environment hook '/home/jotham-prince/Desktop/Robotics/yolobot/install/yolobot_gazebo/share/yolobot_gazebo/hook/cmake_prefix_path.sh'
[2.137s] Level 1:colcon.colcon_core.environment:checking '/home/jotham-prince/Desktop/Robotics/yolobot/install/yolobot_gazebo/bin'
[2.137s] Level 1:colcon.colcon_core.environment:checking '/home/jotham-prince/Desktop/Robotics/yolobot/install/yolobot_gazebo/lib/pkgconfig/yolobot_gazebo.pc'
[2.138s] Level 1:colcon.colcon_core.environment:checking '/home/jotham-prince/Desktop/Robotics/yolobot/install/yolobot_gazebo/lib/python3.10/site-packages'
[2.138s] Level 1:colcon.colcon_core.environment:checking '/home/jotham-prince/Desktop/Robotics/yolobot/install/yolobot_gazebo/bin'
[2.140s] INFO:colcon.colcon_core.shell:Creating package script '/home/jotham-prince/Desktop/Robotics/yolobot/install/yolobot_gazebo/share/yolobot_gazebo/package.ps1'
[2.142s] INFO:colcon.colcon_core.shell:Creating package descriptor '/home/jotham-prince/Desktop/Robotics/yolobot/install/yolobot_gazebo/share/yolobot_gazebo/package.dsv'
[2.143s] INFO:colcon.colcon_core.shell:Creating package script '/home/jotham-prince/Desktop/Robotics/yolobot/install/yolobot_gazebo/share/yolobot_gazebo/package.sh'
[2.144s] INFO:colcon.colcon_core.shell:Creating package script '/home/jotham-prince/Desktop/Robotics/yolobot/install/yolobot_gazebo/share/yolobot_gazebo/package.bash'
[2.145s] INFO:colcon.colcon_core.shell:Creating package script '/home/jotham-prince/Desktop/Robotics/yolobot/install/yolobot_gazebo/share/yolobot_gazebo/package.zsh'
[2.146s] Level 1:colcon.colcon_core.environment:create_file_with_runtime_dependencies(/home/jotham-prince/Desktop/Robotics/yolobot/install/yolobot_gazebo/share/colcon-core/packages/yolobot_gazebo)
[2.148s] Level 1:colcon.colcon_core.environment:create_environment_scripts_only(yolobot_control)
[2.154s] DEBUG:colcon.colcon_core.event_handler.log_command:Invoked command in '/home/jotham-prince/Desktop/Robotics/yolobot/build/yolobot_control' returned '0': CMAKE_PREFIX_PATH=${CMAKE_PREFIX_PATH}:/opt/ros/humble /home/jotham-prince/.local/bin/cmake --install /home/jotham-prince/Desktop/Robotics/yolobot/build/yolobot_control
[2.155s] Level 1:colcon.colcon_core.environment:checking '/home/jotham-prince/Desktop/Robotics/yolobot/install/yolobot_control' for CMake module files
[2.156s] Level 1:colcon.colcon_core.environment:checking '/home/jotham-prince/Desktop/Robotics/yolobot/install/yolobot_control' for CMake config files
[2.157s] Level 1:colcon.colcon_core.shell:create_environment_hook('yolobot_control', 'cmake_prefix_path')
[2.161s] INFO:colcon.colcon_core.shell:Creating environment hook '/home/jotham-prince/Desktop/Robotics/yolobot/install/yolobot_control/share/yolobot_control/hook/cmake_prefix_path.ps1'
[2.162s] INFO:colcon.colcon_core.shell:Creating environment descriptor '/home/jotham-prince/Desktop/Robotics/yolobot/install/yolobot_control/share/yolobot_control/hook/cmake_prefix_path.dsv'
[2.163s] INFO:colcon.colcon_core.shell:Creating environment hook '/home/jotham-prince/Desktop/Robotics/yolobot/install/yolobot_control/share/yolobot_control/hook/cmake_prefix_path.sh'
[2.164s] Level 1:colcon.colcon_core.environment:checking '/home/jotham-prince/Desktop/Robotics/yolobot/install/yolobot_control/lib'
[2.164s] Level 1:colcon.colcon_core.environment:checking '/home/jotham-prince/Desktop/Robotics/yolobot/install/yolobot_control/bin'
[2.164s] Level 1:colcon.colcon_core.environment:checking '/home/jotham-prince/Desktop/Robotics/yolobot/install/yolobot_control/lib/pkgconfig/yolobot_control.pc'
[2.165s] Level 1:colcon.colcon_core.environment:checking '/home/jotham-prince/Desktop/Robotics/yolobot/install/yolobot_control/lib/python3.10/site-packages'
[2.166s] Level 1:colcon.colcon_core.environment:checking '/home/jotham-prince/Desktop/Robotics/yolobot/install/yolobot_control/bin'
[2.169s] INFO:colcon.colcon_core.shell:Creating package script '/home/jotham-prince/Desktop/Robotics/yolobot/install/yolobot_control/share/yolobot_control/package.ps1'
[2.170s] INFO:colcon.colcon_core.shell:Creating package descriptor '/home/jotham-prince/Desktop/Robotics/yolobot/install/yolobot_control/share/yolobot_control/package.dsv'
[2.171s] INFO:colcon.colcon_core.shell:Creating package script '/home/jotham-prince/Desktop/Robotics/yolobot/install/yolobot_control/share/yolobot_control/package.sh'
[2.172s] INFO:colcon.colcon_core.shell:Creating package script '/home/jotham-prince/Desktop/Robotics/yolobot/install/yolobot_control/share/yolobot_control/package.bash'
[2.173s] INFO:colcon.colcon_core.shell:Creating package script '/home/jotham-prince/Desktop/Robotics/yolobot/install/yolobot_control/share/yolobot_control/package.zsh'
[2.174s] Level 1:colcon.colcon_core.environment:create_file_with_runtime_dependencies(/home/jotham-prince/Desktop/Robotics/yolobot/install/yolobot_control/share/colcon-core/packages/yolobot_control)
[2.177s] Level 1:colcon.colcon_core.environment:create_environment_scripts_only(yolobot_description)
[2.182s] Level 1:colcon.colcon_core.environment:checking '/home/jotham-prince/Desktop/Robotics/yolobot/install/yolobot_description' for CMake module files
[2.184s] Level 1:colcon.colcon_core.environment:checking '/home/jotham-prince/Desktop/Robotics/yolobot/install/yolobot_description' for CMake config files
[2.185s] Level 1:colcon.colcon_core.shell:create_environment_hook('yolobot_description', 'cmake_prefix_path')
[2.189s] INFO:colcon.colcon_core.shell:Creating environment hook '/home/jotham-prince/Desktop/Robotics/yolobot/install/yolobot_description/share/yolobot_description/hook/cmake_prefix_path.ps1'
[2.190s] DEBUG:colcon.colcon_core.event_handler.log_command:Invoked command in '/home/jotham-prince/Desktop/Robotics/yolobot/build/yolobot_description' returned '0': CMAKE_PREFIX_PATH=${CMAKE_PREFIX_PATH}:/opt/ros/humble /home/jotham-prince/.local/bin/cmake --install /home/jotham-prince/Desktop/Robotics/yolobot/build/yolobot_description
[2.191s] INFO:colcon.colcon_core.shell:Creating environment descriptor '/home/jotham-prince/Desktop/Robotics/yolobot/install/yolobot_description/share/yolobot_description/hook/cmake_prefix_path.dsv'
[2.192s] INFO:colcon.colcon_core.shell:Creating environment hook '/home/jotham-prince/Desktop/Robotics/yolobot/install/yolobot_description/share/yolobot_description/hook/cmake_prefix_path.sh'
[2.193s] Level 1:colcon.colcon_core.environment:checking '/home/jotham-prince/Desktop/Robotics/yolobot/install/yolobot_description/bin'
[2.193s] Level 1:colcon.colcon_core.environment:checking '/home/jotham-prince/Desktop/Robotics/yolobot/install/yolobot_description/lib/pkgconfig/yolobot_description.pc'
[2.194s] Level 1:colcon.colcon_core.environment:checking '/home/jotham-prince/Desktop/Robotics/yolobot/install/yolobot_description/lib/python3.10/site-packages'
[2.194s] Level 1:colcon.colcon_core.environment:checking '/home/jotham-prince/Desktop/Robotics/yolobot/install/yolobot_description/bin'
[2.198s] INFO:colcon.colcon_core.shell:Creating package script '/home/jotham-prince/Desktop/Robotics/yolobot/install/yolobot_description/share/yolobot_description/package.ps1'
[2.199s] INFO:colcon.colcon_core.shell:Creating package descriptor '/home/jotham-prince/Desktop/Robotics/yolobot/install/yolobot_description/share/yolobot_description/package.dsv'
[2.200s] INFO:colcon.colcon_core.shell:Creating package script '/home/jotham-prince/Desktop/Robotics/yolobot/install/yolobot_description/share/yolobot_description/package.sh'
[2.203s] INFO:colcon.colcon_core.shell:Creating package script '/home/jotham-prince/Desktop/Robotics/yolobot/install/yolobot_description/share/yolobot_description/package.bash'
[2.204s] INFO:colcon.colcon_core.shell:Creating package script '/home/jotham-prince/Desktop/Robotics/yolobot/install/yolobot_description/share/yolobot_description/package.zsh'
[2.205s] Level 1:colcon.colcon_core.environment:create_file_with_runtime_dependencies(/home/jotham-prince/Desktop/Robotics/yolobot/install/yolobot_description/share/colcon-core/packages/yolobot_description)
[2.211s] DEBUG:colcon.colcon_core.event_handler.log_command:Invoking command in '/home/jotham-prince/Desktop/Robotics/yolobot/build/yolobot_rocognition': CMAKE_PREFIX_PATH=${CMAKE_PREFIX_PATH}:/opt/ros/humble /home/jotham-prince/.local/bin/cmake --install /home/jotham-prince/Desktop/Robotics/yolobot/build/yolobot_rocognition
[2.315s] Level 1:colcon.colcon_core.environment:create_environment_scripts_only(yolobot_gazebo)
[2.324s] Level 1:colcon.colcon_core.environment:checking '/home/jotham-prince/Desktop/Robotics/yolobot/install/yolobot_gazebo' for CMake module files
[2.329s] Level 1:colcon.colcon_core.environment:checking '/home/jotham-prince/Desktop/Robotics/yolobot/install/yolobot_gazebo' for CMake config files
[2.330s] Level 1:colcon.colcon_core.shell:create_environment_hook('yolobot_gazebo', 'cmake_prefix_path')
[2.334s] INFO:colcon.colcon_core.shell:Creating environment hook '/home/jotham-prince/Desktop/Robotics/yolobot/install/yolobot_gazebo/share/yolobot_gazebo/hook/cmake_prefix_path.ps1'
[2.336s] INFO:colcon.colcon_core.shell:Creating environment descriptor '/home/jotham-prince/Desktop/Robotics/yolobot/install/yolobot_gazebo/share/yolobot_gazebo/hook/cmake_prefix_path.dsv'
[2.336s] INFO:colcon.colcon_core.shell:Creating environment hook '/home/jotham-prince/Desktop/Robotics/yolobot/install/yolobot_gazebo/share/yolobot_gazebo/hook/cmake_prefix_path.sh'
[2.338s] Level 1:colcon.colcon_core.environment:checking '/home/jotham-prince/Desktop/Robotics/yolobot/install/yolobot_gazebo/bin'
[2.338s] Level 1:colcon.colcon_core.environment:checking '/home/jotham-prince/Desktop/Robotics/yolobot/install/yolobot_gazebo/lib/pkgconfig/yolobot_gazebo.pc'
[2.339s] Level 1:colcon.colcon_core.environment:checking '/home/jotham-prince/Desktop/Robotics/yolobot/install/yolobot_gazebo/lib/python3.10/site-packages'
[2.339s] Level 1:colcon.colcon_core.environment:checking '/home/jotham-prince/Desktop/Robotics/yolobot/install/yolobot_gazebo/bin'
[2.345s] INFO:colcon.colcon_core.shell:Creating package script '/home/jotham-prince/Desktop/Robotics/yolobot/install/yolobot_gazebo/share/yolobot_gazebo/package.ps1'
[2.347s] INFO:colcon.colcon_core.shell:Creating package descriptor '/home/jotham-prince/Desktop/Robotics/yolobot/install/yolobot_gazebo/share/yolobot_gazebo/package.dsv'
[2.348s] INFO:colcon.colcon_core.shell:Creating package script '/home/jotham-prince/Desktop/Robotics/yolobot/install/yolobot_gazebo/share/yolobot_gazebo/package.sh'
[2.349s] INFO:colcon.colcon_core.shell:Creating package script '/home/jotham-prince/Desktop/Robotics/yolobot/install/yolobot_gazebo/share/yolobot_gazebo/package.bash'
[2.352s] INFO:colcon.colcon_core.shell:Creating package script '/home/jotham-prince/Desktop/Robotics/yolobot/install/yolobot_gazebo/share/yolobot_gazebo/package.zsh'
[2.353s] Level 1:colcon.colcon_core.environment:create_file_with_runtime_dependencies(/home/jotham-prince/Desktop/Robotics/yolobot/install/yolobot_gazebo/share/colcon-core/packages/yolobot_gazebo)
[2.355s] Level 1:colcon.colcon_core.environment:create_environment_scripts_only(yolobot_rocognition)
[2.361s] Level 1:colcon.colcon_core.environment:checking '/home/jotham-prince/Desktop/Robotics/yolobot/install/yolobot_rocognition' for CMake module files
[2.364s] DEBUG:colcon.colcon_core.event_handler.log_command:Invoked command in '/home/jotham-prince/Desktop/Robotics/yolobot/build/yolobot_rocognition' returned '0': CMAKE_PREFIX_PATH=${CMAKE_PREFIX_PATH}:/opt/ros/humble /home/jotham-prince/.local/bin/cmake --install /home/jotham-prince/Desktop/Robotics/yolobot/build/yolobot_rocognition
[2.364s] Level 1:colcon.colcon_core.environment:checking '/home/jotham-prince/Desktop/Robotics/yolobot/install/yolobot_rocognition' for CMake config files
[2.365s] Level 1:colcon.colcon_core.shell:create_environment_hook('yolobot_rocognition', 'cmake_prefix_path')
[2.368s] INFO:colcon.colcon_core.shell:Creating environment hook '/home/jotham-prince/Desktop/Robotics/yolobot/install/yolobot_rocognition/share/yolobot_rocognition/hook/cmake_prefix_path.ps1'
[2.369s] INFO:colcon.colcon_core.shell:Creating environment descriptor '/home/jotham-prince/Desktop/Robotics/yolobot/install/yolobot_rocognition/share/yolobot_rocognition/hook/cmake_prefix_path.dsv'
[2.370s] INFO:colcon.colcon_core.shell:Creating environment hook '/home/jotham-prince/Desktop/Robotics/yolobot/install/yolobot_rocognition/share/yolobot_rocognition/hook/cmake_prefix_path.sh'
[2.371s] Level 1:colcon.colcon_core.environment:checking '/home/jotham-prince/Desktop/Robotics/yolobot/install/yolobot_rocognition/bin'
[2.372s] Level 1:colcon.colcon_core.environment:checking '/home/jotham-prince/Desktop/Robotics/yolobot/install/yolobot_rocognition/lib/pkgconfig/yolobot_rocognition.pc'
[2.372s] Level 1:colcon.colcon_core.environment:checking '/home/jotham-prince/Desktop/Robotics/yolobot/install/yolobot_rocognition/lib/python3.10/site-packages'
[2.373s] Level 1:colcon.colcon_core.environment:checking '/home/jotham-prince/Desktop/Robotics/yolobot/install/yolobot_rocognition/bin'
[2.376s] INFO:colcon.colcon_core.shell:Creating package script '/home/jotham-prince/Desktop/Robotics/yolobot/install/yolobot_rocognition/share/yolobot_rocognition/package.ps1'
[2.377s] INFO:colcon.colcon_core.shell:Creating package descriptor '/home/jotham-prince/Desktop/Robotics/yolobot/install/yolobot_rocognition/share/yolobot_rocognition/package.dsv'
[2.379s] INFO:colcon.colcon_core.shell:Creating package script '/home/jotham-prince/Desktop/Robotics/yolobot/install/yolobot_rocognition/share/yolobot_rocognition/package.sh'
[2.380s] INFO:colcon.colcon_core.shell:Creating package script '/home/jotham-prince/Desktop/Robotics/yolobot/install/yolobot_rocognition/share/yolobot_rocognition/package.bash'
[2.381s] INFO:colcon.colcon_core.shell:Creating package script '/home/jotham-prince/Desktop/Robotics/yolobot/install/yolobot_rocognition/share/yolobot_rocognition/package.zsh'
[2.382s] Level 1:colcon.colcon_core.environment:create_file_with_runtime_dependencies(/home/jotham-prince/Desktop/Robotics/yolobot/install/yolobot_rocognition/share/colcon-core/packages/yolobot_rocognition)
[2.388s] Level 1:colcon.colcon_core.environment:create_environment_scripts_only(yolobot_control)
[2.394s] Level 1:colcon.colcon_core.environment:checking '/home/jotham-prince/Desktop/Robotics/yolobot/install/yolobot_control' for CMake module files
[2.395s] Level 1:colcon.colcon_core.environment:checking '/home/jotham-prince/Desktop/Robotics/yolobot/install/yolobot_control' for CMake config files
[2.396s] Level 1:colcon.colcon_core.shell:create_environment_hook('yolobot_control', 'cmake_prefix_path')
[2.400s] INFO:colcon.colcon_core.shell:Creating environment hook '/home/jotham-prince/Desktop/Robotics/yolobot/install/yolobot_control/share/yolobot_control/hook/cmake_prefix_path.ps1'
[2.401s] INFO:colcon.colcon_core.shell:Creating environment descriptor '/home/jotham-prince/Desktop/Robotics/yolobot/install/yolobot_control/share/yolobot_control/hook/cmake_prefix_path.dsv'
[2.402s] INFO:colcon.colcon_core.shell:Creating environment hook '/home/jotham-prince/Desktop/Robotics/yolobot/install/yolobot_control/share/yolobot_control/hook/cmake_prefix_path.sh'
[2.404s] Level 1:colcon.colcon_core.environment:checking '/home/jotham-prince/Desktop/Robotics/yolobot/install/yolobot_control/lib'
[2.404s] Level 1:colcon.colcon_core.environment:checking '/home/jotham-prince/Desktop/Robotics/yolobot/install/yolobot_control/bin'
[2.404s] Level 1:colcon.colcon_core.environment:checking '/home/jotham-prince/Desktop/Robotics/yolobot/install/yolobot_control/lib/pkgconfig/yolobot_control.pc'
[2.405s] Level 1:colcon.colcon_core.environment:checking '/home/jotham-prince/Desktop/Robotics/yolobot/install/yolobot_control/lib/python3.10/site-packages'
[2.405s] Level 1:colcon.colcon_core.environment:checking '/home/jotham-prince/Desktop/Robotics/yolobot/install/yolobot_control/bin'
[2.409s] INFO:colcon.colcon_core.shell:Creating package script '/home/jotham-prince/Desktop/Robotics/yolobot/install/yolobot_control/share/yolobot_control/package.ps1'
[2.410s] INFO:colcon.colcon_core.shell:Creating package descriptor '/home/jotham-prince/Desktop/Robotics/yolobot/install/yolobot_control/share/yolobot_control/package.dsv'
[2.412s] INFO:colcon.colcon_core.shell:Creating package script '/home/jotham-prince/Desktop/Robotics/yolobot/install/yolobot_control/share/yolobot_control/package.sh'
[2.413s] INFO:colcon.colcon_core.shell:Creating package script '/home/jotham-prince/Desktop/Robotics/yolobot/install/yolobot_control/share/yolobot_control/package.bash'
[2.414s] INFO:colcon.colcon_core.shell:Creating package script '/home/jotham-prince/Desktop/Robotics/yolobot/install/yolobot_control/share/yolobot_control/package.zsh'
[2.415s] Level 1:colcon.colcon_core.environment:create_file_with_runtime_dependencies(/home/jotham-prince/Desktop/Robotics/yolobot/install/yolobot_control/share/colcon-core/packages/yolobot_control)
[2.420s] Level 1:colcon.colcon_core.environment:create_environment_scripts_only(yolobot_description)
[2.426s] Level 1:colcon.colcon_core.environment:checking '/home/jotham-prince/Desktop/Robotics/yolobot/install/yolobot_description' for CMake module files
[2.427s] Level 1:colcon.colcon_core.environment:checking '/home/jotham-prince/Desktop/Robotics/yolobot/install/yolobot_description' for CMake config files
[2.428s] Level 1:colcon.colcon_core.shell:create_environment_hook('yolobot_description', 'cmake_prefix_path')
[2.431s] INFO:colcon.colcon_core.shell:Creating environment hook '/home/jotham-prince/Desktop/Robotics/yolobot/install/yolobot_description/share/yolobot_description/hook/cmake_prefix_path.ps1'
[2.432s] INFO:colcon.colcon_core.shell:Creating environment descriptor '/home/jotham-prince/Desktop/Robotics/yolobot/install/yolobot_description/share/yolobot_description/hook/cmake_prefix_path.dsv'
[2.433s] INFO:colcon.colcon_core.shell:Creating environment hook '/home/jotham-prince/Desktop/Robotics/yolobot/install/yolobot_description/share/yolobot_description/hook/cmake_prefix_path.sh'
[2.435s] Level 1:colcon.colcon_core.environment:checking '/home/jotham-prince/Desktop/Robotics/yolobot/install/yolobot_description/bin'
[2.435s] Level 1:colcon.colcon_core.environment:checking '/home/jotham-prince/Desktop/Robotics/yolobot/install/yolobot_description/lib/pkgconfig/yolobot_description.pc'
[2.436s] Level 1:colcon.colcon_core.environment:checking '/home/jotham-prince/Desktop/Robotics/yolobot/install/yolobot_description/lib/python3.10/site-packages'
[2.436s] Level 1:colcon.colcon_core.environment:checking '/home/jotham-prince/Desktop/Robotics/yolobot/install/yolobot_description/bin'
[2.440s] INFO:colcon.colcon_core.shell:Creating package script '/home/jotham-prince/Desktop/Robotics/yolobot/install/yolobot_description/share/yolobot_description/package.ps1'
[2.441s] INFO:colcon.colcon_core.shell:Creating package descriptor '/home/jotham-prince/Desktop/Robotics/yolobot/install/yolobot_description/share/yolobot_description/package.dsv'
[2.443s] INFO:colcon.colcon_core.shell:Creating package script '/home/jotham-prince/Desktop/Robotics/yolobot/install/yolobot_description/share/yolobot_description/package.sh'
[2.444s] INFO:colcon.colcon_core.shell:Creating package script '/home/jotham-prince/Desktop/Robotics/yolobot/install/yolobot_description/share/yolobot_description/package.bash'
[2.445s] INFO:colcon.colcon_core.shell:Creating package script '/home/jotham-prince/Desktop/Robotics/yolobot/install/yolobot_description/share/yolobot_description/package.zsh'
[2.446s] Level 1:colcon.colcon_core.environment:create_file_with_runtime_dependencies(/home/jotham-prince/Desktop/Robotics/yolobot/install/yolobot_description/share/colcon-core/packages/yolobot_description)
[2.485s] Level 1:colcon.colcon_core.environment:create_environment_scripts_only(yolobot_rocognition)
[2.488s] Level 1:colcon.colcon_core.environment:checking '/home/jotham-prince/Desktop/Robotics/yolobot/install/yolobot_rocognition' for CMake module files
[2.488s] Level 1:colcon.colcon_core.environment:checking '/home/jotham-prince/Desktop/Robotics/yolobot/install/yolobot_rocognition' for CMake config files
[2.489s] Level 1:colcon.colcon_core.shell:create_environment_hook('yolobot_rocognition', 'cmake_prefix_path')
[2.491s] INFO:colcon.colcon_core.shell:Creating environment hook '/home/jotham-prince/Desktop/Robotics/yolobot/install/yolobot_rocognition/share/yolobot_rocognition/hook/cmake_prefix_path.ps1'
[2.491s] INFO:colcon.colcon_core.shell:Creating environment descriptor '/home/jotham-prince/Desktop/Robotics/yolobot/install/yolobot_rocognition/share/yolobot_rocognition/hook/cmake_prefix_path.dsv'
[2.492s] INFO:colcon.colcon_core.shell:Creating environment hook '/home/jotham-prince/Desktop/Robotics/yolobot/install/yolobot_rocognition/share/yolobot_rocognition/hook/cmake_prefix_path.sh'
[2.493s] Level 1:colcon.colcon_core.environment:checking '/home/jotham-prince/Desktop/Robotics/yolobot/install/yolobot_rocognition/bin'
[2.493s] Level 1:colcon.colcon_core.environment:checking '/home/jotham-prince/Desktop/Robotics/yolobot/install/yolobot_rocognition/lib/pkgconfig/yolobot_rocognition.pc'
[2.494s] Level 1:colcon.colcon_core.environment:checking '/home/jotham-prince/Desktop/Robotics/yolobot/install/yolobot_rocognition/lib/python3.10/site-packages'
[2.494s] Level 1:colcon.colcon_core.environment:checking '/home/jotham-prince/Desktop/Robotics/yolobot/install/yolobot_rocognition/bin'
[2.496s] INFO:colcon.colcon_core.shell:Creating package script '/home/jotham-prince/Desktop/Robotics/yolobot/install/yolobot_rocognition/share/yolobot_rocognition/package.ps1'
[2.497s] INFO:colcon.colcon_core.shell:Creating package descriptor '/home/jotham-prince/Desktop/Robotics/yolobot/install/yolobot_rocognition/share/yolobot_rocognition/package.dsv'
[2.498s] INFO:colcon.colcon_core.shell:Creating package script '/home/jotham-prince/Desktop/Robotics/yolobot/install/yolobot_rocognition/share/yolobot_rocognition/package.sh'
[2.499s] INFO:colcon.colcon_core.shell:Creating package script '/home/jotham-prince/Desktop/Robotics/yolobot/install/yolobot_rocognition/share/yolobot_rocognition/package.bash'
[2.500s] INFO:colcon.colcon_core.shell:Creating package script '/home/jotham-prince/Desktop/Robotics/yolobot/install/yolobot_rocognition/share/yolobot_rocognition/package.zsh'
[2.500s] Level 1:colcon.colcon_core.environment:create_file_with_runtime_dependencies(/home/jotham-prince/Desktop/Robotics/yolobot/install/yolobot_rocognition/share/colcon-core/packages/yolobot_rocognition)
[2.501s] DEBUG:colcon.colcon_parallel_executor.executor.parallel:closing loop
[2.501s] DEBUG:colcon.colcon_parallel_executor.executor.parallel:loop closed
[2.502s] DEBUG:colcon.colcon_parallel_executor.executor.parallel:run_until_complete finished with '0'
[2.502s] DEBUG:colcon.colcon_core.event_reactor:joining thread
[2.513s] INFO:colcon.colcon_core.plugin_system:Skipping extension 'colcon_notification.desktop_notification.terminal_notifier': Not used on non-Darwin systems
[2.514s] INFO:colcon.colcon_core.plugin_system:Skipping extension 'colcon_notification.desktop_notification.win32': Not used on non-Windows systems
[2.514s] INFO:colcon.colcon_notification.desktop_notification:Sending desktop notification using 'notify2'
[2.538s] DEBUG:colcon.colcon_core.event_reactor:joined thread
[2.542s] INFO:colcon.colcon_core.shell:Creating prefix script '/home/jotham-prince/Desktop/Robotics/yolobot/install/local_setup.ps1'
[2.545s] INFO:colcon.colcon_core.shell:Creating prefix util module '/home/jotham-prince/Desktop/Robotics/yolobot/install/_local_setup_util_ps1.py'
[2.548s] INFO:colcon.colcon_core.shell:Creating prefix chain script '/home/jotham-prince/Desktop/Robotics/yolobot/install/setup.ps1'
[2.552s] INFO:colcon.colcon_core.shell:Creating prefix script '/home/jotham-prince/Desktop/Robotics/yolobot/install/local_setup.sh'
[2.554s] INFO:colcon.colcon_core.shell:Creating prefix util module '/home/jotham-prince/Desktop/Robotics/yolobot/install/_local_setup_util_sh.py'
[2.555s] INFO:colcon.colcon_core.shell:Creating prefix chain script '/home/jotham-prince/Desktop/Robotics/yolobot/install/setup.sh'
[2.560s] INFO:colcon.colcon_core.shell:Creating prefix script '/home/jotham-prince/Desktop/Robotics/yolobot/install/local_setup.bash'
[2.561s] INFO:colcon.colcon_core.shell:Creating prefix chain script '/home/jotham-prince/Desktop/Robotics/yolobot/install/setup.bash'
[2.565s] INFO:colcon.colcon_core.shell:Creating prefix script '/home/jotham-prince/Desktop/Robotics/yolobot/install/local_setup.zsh'
[2.567s] INFO:colcon.colcon_core.shell:Creating prefix chain script '/home/jotham-prince/Desktop/Robotics/yolobot/install/setup.zsh'
