[0.069s] Invoking command in '/home/jotham-prince/Desktop/Robotics/yolobot/build/yolobot_control': CMAKE_PREFIX_PATH=${CMAKE_PREFIX_PATH}:/opt/ros/humble /home/jotham-prince/.local/bin/cmake --build /home/jotham-prince/Desktop/Robotics/yolobot/build/yolobot_control -- -j4 -l4
[0.242s] Invoked command in '/home/jotham-prince/Desktop/Robotics/yolobot/build/yolobot_control' returned '0': CMAKE_PREFIX_PATH=${CMAKE_PREFIX_PATH}:/opt/ros/humble /home/jotham-prince/.local/bin/cmake --build /home/jotham-prince/Desktop/Robotics/yolobot/build/yolobot_control -- -j4 -l4
[0.427s] Invoking command in '/home/jotham-prince/Desktop/Robotics/yolobot/build/yolobot_control': CMAKE_PREFIX_PATH=${CMAKE_PREFIX_PATH}:/opt/ros/humble /home/jotham-prince/.local/bin/cmake --install /home/jotham-prince/Desktop/Robotics/yolobot/build/yolobot_control
[0.497s] -- Install configuration: ""
[0.500s] -- Execute custom install script
[0.502s] -- Up-to-date symlink: /home/jotham-prince/Desktop/Robotics/yolobot/install/yolobot_control/share/yolobot_control//scripts/robot_control.py
[0.503s] -- Up-to-date symlink: /home/jotham-prince/Desktop/Robotics/yolobot/install/yolobot_control/share/yolobot_control//launch/yolobot_control.launch.py
[0.505s] -- Up-to-date symlink: /home/jotham-prince/Desktop/Robotics/yolobot/install/yolobot_control/lib/yolobot_control//robot_control.py
[0.505s] -- Up-to-date symlink: /home/jotham-prince/Desktop/Robotics/yolobot/install/yolobot_control/lib/yolobot_control//yolobot_control.launch.py
[0.506s] -- Up-to-date symlink: /home/jotham-prince/Desktop/Robotics/yolobot/install/yolobot_control/share/ament_index/resource_index/package_run_dependencies/yolobot_control
[0.507s] -- Up-to-date symlink: /home/jotham-prince/Desktop/Robotics/yolobot/install/yolobot_control/share/ament_index/resource_index/parent_prefix_path/yolobot_control
[0.507s] -- Up-to-date symlink: /home/jotham-prince/Desktop/Robotics/yolobot/install/yolobot_control/share/yolobot_control/environment/ament_prefix_path.sh
[0.508s] -- Up-to-date symlink: /home/jotham-prince/Desktop/Robotics/yolobot/install/yolobot_control/share/yolobot_control/environment/ament_prefix_path.dsv
[0.509s] -- Up-to-date symlink: /home/jotham-prince/Desktop/Robotics/yolobot/install/yolobot_control/share/yolobot_control/environment/path.sh
[0.510s] -- Up-to-date symlink: /home/jotham-prince/Desktop/Robotics/yolobot/install/yolobot_control/share/yolobot_control/environment/path.dsv
[0.511s] -- Up-to-date symlink: /home/jotham-prince/Desktop/Robotics/yolobot/install/yolobot_control/share/yolobot_control/local_setup.bash
[0.512s] -- Up-to-date symlink: /home/jotham-prince/Desktop/Robotics/yolobot/install/yolobot_control/share/yolobot_control/local_setup.sh
[0.513s] -- Up-to-date symlink: /home/jotham-prince/Desktop/Robotics/yolobot/install/yolobot_control/share/yolobot_control/local_setup.zsh
[0.514s] -- Up-to-date symlink: /home/jotham-prince/Desktop/Robotics/yolobot/install/yolobot_control/share/yolobot_control/local_setup.dsv
[0.515s] -- Symlinking: /home/jotham-prince/Desktop/Robotics/yolobot/install/yolobot_control/share/yolobot_control/package.dsv
[0.521s] -- Up-to-date symlink: /home/jotham-prince/Desktop/Robotics/yolobot/install/yolobot_control/share/ament_index/resource_index/packages/yolobot_control
[0.522s] -- Up-to-date symlink: /home/jotham-prince/Desktop/Robotics/yolobot/install/yolobot_control/share/yolobot_control/cmake/yolobot_controlConfig.cmake
[0.522s] -- Up-to-date symlink: /home/jotham-prince/Desktop/Robotics/yolobot/install/yolobot_control/share/yolobot_control/cmake/yolobot_controlConfig-version.cmake
[0.523s] -- Up-to-date symlink: /home/jotham-prince/Desktop/Robotics/yolobot/install/yolobot_control/share/yolobot_control/package.xml
[0.545s] Invoked command in '/home/jotham-prince/Desktop/Robotics/yolobot/build/yolobot_control' returned '0': CMAKE_PREFIX_PATH=${CMAKE_PREFIX_PATH}:/opt/ros/humble /home/jotham-prince/.local/bin/cmake --install /home/jotham-prince/Desktop/Robotics/yolobot/build/yolobot_control
