[0.053s] Invoking command in '/home/jotham-prince/Desktop/Robotics/yolobot/build/yolobot_control': CMAKE_PREFIX_PATH=${CMAKE_PREFIX_PATH}:/opt/ros/humble /home/jotham-prince/.local/bin/cmake /home/jotham-prince/Desktop/Robotics/yolobot/src/yolobot_control -DAMENT_CMAKE_SYMLINK_INSTALL=1 -DCMAKE_INSTALL_PREFIX=/home/jotham-prince/Desktop/Robotics/yolobot/install/yolobot_control
[0.184s] -- Found ament_cmake: 1.3.5 (/opt/ros/humble/share/ament_cmake/cmake)
[0.625s] -- Override CMake install command with custom implementation using symlinks instead of copying resources
[0.659s] -- Found ament_lint_auto: 0.12.6 (/opt/ros/humble/share/ament_lint_auto/cmake)
[0.906s] -- Added test 'flake8' to check Python code syntax and style conventions
[0.908s] -- Added test 'lint_cmake' to check CMake code style
[0.910s] -- Added test 'pep257' to check Python code against some of the docstring style conventions in PEP 257
[0.936s] -- Added test 'xmllint' to check XML markup files
[0.936s] -- Configuring done (0.8s)
[0.936s] -- Generating done (0.0s)
[0.938s] -- Build files have been written to: /home/jotham-prince/Desktop/Robotics/yolobot/build/yolobot_control
[0.989s] Invoked command in '/home/jotham-prince/Desktop/Robotics/yolobot/build/yolobot_control' returned '0': CMAKE_PREFIX_PATH=${CMAKE_PREFIX_PATH}:/opt/ros/humble /home/jotham-prince/.local/bin/cmake /home/jotham-prince/Desktop/Robotics/yolobot/src/yolobot_control -DAMENT_CMAKE_SYMLINK_INSTALL=1 -DCMAKE_INSTALL_PREFIX=/home/jotham-prince/Desktop/Robotics/yolobot/install/yolobot_control
[0.990s] Invoking command in '/home/jotham-prince/Desktop/Robotics/yolobot/build/yolobot_control': CMAKE_PREFIX_PATH=${CMAKE_PREFIX_PATH}:/opt/ros/humble /home/jotham-prince/.local/bin/cmake --build /home/jotham-prince/Desktop/Robotics/yolobot/build/yolobot_control -- -j4 -l4
[1.177s] Invoked command in '/home/jotham-prince/Desktop/Robotics/yolobot/build/yolobot_control' returned '0': CMAKE_PREFIX_PATH=${CMAKE_PREFIX_PATH}:/opt/ros/humble /home/jotham-prince/.local/bin/cmake --build /home/jotham-prince/Desktop/Robotics/yolobot/build/yolobot_control -- -j4 -l4
[1.441s] Invoking command in '/home/jotham-prince/Desktop/Robotics/yolobot/build/yolobot_control': CMAKE_PREFIX_PATH=${CMAKE_PREFIX_PATH}:/opt/ros/humble /home/jotham-prince/.local/bin/cmake --install /home/jotham-prince/Desktop/Robotics/yolobot/build/yolobot_control
[1.504s] -- Install configuration: ""
[1.506s] -- Execute custom install script
[1.506s] -- Up-to-date symlink: /home/jotham-prince/Desktop/Robotics/yolobot/install/yolobot_control/share/yolobot_control//scripts/robot_control.py
[1.506s] -- Up-to-date symlink: /home/jotham-prince/Desktop/Robotics/yolobot/install/yolobot_control/share/yolobot_control//launch/yolobot_control.launch.py
[1.507s] -- Up-to-date symlink: /home/jotham-prince/Desktop/Robotics/yolobot/install/yolobot_control/lib/yolobot_control//robot_control.py
[1.507s] -- Up-to-date symlink: /home/jotham-prince/Desktop/Robotics/yolobot/install/yolobot_control/lib/yolobot_control//yolobot_control.launch.py
[1.508s] -- Up-to-date symlink: /home/jotham-prince/Desktop/Robotics/yolobot/install/yolobot_control/share/ament_index/resource_index/package_run_dependencies/yolobot_control
[1.508s] -- Up-to-date symlink: /home/jotham-prince/Desktop/Robotics/yolobot/install/yolobot_control/share/ament_index/resource_index/parent_prefix_path/yolobot_control
[1.509s] -- Up-to-date symlink: /home/jotham-prince/Desktop/Robotics/yolobot/install/yolobot_control/share/yolobot_control/environment/ament_prefix_path.sh
[1.509s] -- Up-to-date symlink: /home/jotham-prince/Desktop/Robotics/yolobot/install/yolobot_control/share/yolobot_control/environment/ament_prefix_path.dsv
[1.510s] -- Up-to-date symlink: /home/jotham-prince/Desktop/Robotics/yolobot/install/yolobot_control/share/yolobot_control/environment/path.sh
[1.510s] -- Up-to-date symlink: /home/jotham-prince/Desktop/Robotics/yolobot/install/yolobot_control/share/yolobot_control/environment/path.dsv
[1.511s] -- Up-to-date symlink: /home/jotham-prince/Desktop/Robotics/yolobot/install/yolobot_control/share/yolobot_control/local_setup.bash
[1.511s] -- Up-to-date symlink: /home/jotham-prince/Desktop/Robotics/yolobot/install/yolobot_control/share/yolobot_control/local_setup.sh
[1.512s] -- Up-to-date symlink: /home/jotham-prince/Desktop/Robotics/yolobot/install/yolobot_control/share/yolobot_control/local_setup.zsh
[1.512s] -- Up-to-date symlink: /home/jotham-prince/Desktop/Robotics/yolobot/install/yolobot_control/share/yolobot_control/local_setup.dsv
[1.518s] -- Symlinking: /home/jotham-prince/Desktop/Robotics/yolobot/install/yolobot_control/share/yolobot_control/package.dsv
[1.520s] -- Up-to-date symlink: /home/jotham-prince/Desktop/Robotics/yolobot/install/yolobot_control/share/ament_index/resource_index/packages/yolobot_control
[1.520s] -- Up-to-date symlink: /home/jotham-prince/Desktop/Robotics/yolobot/install/yolobot_control/share/yolobot_control/cmake/yolobot_controlConfig.cmake
[1.521s] -- Up-to-date symlink: /home/jotham-prince/Desktop/Robotics/yolobot/install/yolobot_control/share/yolobot_control/cmake/yolobot_controlConfig-version.cmake
[1.521s] -- Up-to-date symlink: /home/jotham-prince/Desktop/Robotics/yolobot/install/yolobot_control/share/yolobot_control/package.xml
[1.538s] Invoked command in '/home/jotham-prince/Desktop/Robotics/yolobot/build/yolobot_control' returned '0': CMAKE_PREFIX_PATH=${CMAKE_PREFIX_PATH}:/opt/ros/humble /home/jotham-prince/.local/bin/cmake --install /home/jotham-prince/Desktop/Robotics/yolobot/build/yolobot_control
