[0.058s] Invoking command in '/home/jotham-prince/Desktop/Robotics/yolobot/build/yolobot_description': CMAKE_PREFIX_PATH=${CMAKE_PREFIX_PATH}:/opt/ros/humble /home/jotham-prince/.local/bin/cmake --build /home/jotham-prince/Desktop/Robotics/yolobot/build/yolobot_description -- -j4 -l4
[0.229s] Invoked command in '/home/jotham-prince/Desktop/Robotics/yolobot/build/yolobot_description' returned '0': CMAKE_PREFIX_PATH=${CMAKE_PREFIX_PATH}:/opt/ros/humble /home/jotham-prince/.local/bin/cmake --build /home/jotham-prince/Desktop/Robotics/yolobot/build/yolobot_description -- -j4 -l4
[0.414s] Invoking command in '/home/jotham-prince/Desktop/Robotics/yolobot/build/yolobot_description': CMAKE_PREFIX_PATH=${CMAKE_PREFIX_PATH}:/opt/ros/humble /home/jotham-prince/.local/bin/cmake --install /home/jotham-prince/Desktop/Robotics/yolobot/build/yolobot_description
[0.482s] -- Install configuration: ""
[0.485s] -- Execute custom install script
[0.486s] -- Up-to-date symlink: /home/jotham-prince/Desktop/Robotics/yolobot/install/yolobot_description/share/yolobot_description//launch/spawn_yolobot.py
[0.487s] -- Up-to-date symlink: /home/jotham-prince/Desktop/Robotics/yolobot/install/yolobot_description/share/yolobot_description//launch/spawn_yolobot_launch.launch.py
[0.488s] -- Symlinking: /home/jotham-prince/Desktop/Robotics/yolobot/install/yolobot_description/share/yolobot_description//robot/camera.xacro
[0.496s] -- Symlinking: /home/jotham-prince/Desktop/Robotics/yolobot/install/yolobot_description/share/yolobot_description//robot/gazebo_control.xacro
[0.502s] -- Symlinking: /home/jotham-prince/Desktop/Robotics/yolobot/install/yolobot_description/share/yolobot_description//robot/inertial_macros.xacro
[0.510s] -- Symlinking: /home/jotham-prince/Desktop/Robotics/yolobot/install/yolobot_description/share/yolobot_description//robot/lidar.xacro
[0.524s] -- Symlinking: /home/jotham-prince/Desktop/Robotics/yolobot/install/yolobot_description/share/yolobot_description//robot/robot.urdf.xacro
[0.529s] -- Symlinking: /home/jotham-prince/Desktop/Robotics/yolobot/install/yolobot_description/share/yolobot_description//robot/robot_core.xacro
[0.532s] -- Up-to-date symlink: /home/jotham-prince/Desktop/Robotics/yolobot/install/yolobot_description/share/yolobot_description//robot/yolobot.urdf
[0.534s] -- Up-to-date symlink: /home/jotham-prince/Desktop/Robotics/yolobot/install/yolobot_description/lib/yolobot_description//spawn_yolobot_launch.launch.py
[0.534s] -- Up-to-date symlink: /home/jotham-prince/Desktop/Robotics/yolobot/install/yolobot_description/lib/yolobot_description//spawn_yolobot.py
[0.534s] -- Up-to-date symlink: /home/jotham-prince/Desktop/Robotics/yolobot/install/yolobot_description/share/ament_index/resource_index/package_run_dependencies/yolobot_description
[0.535s] -- Up-to-date symlink: /home/jotham-prince/Desktop/Robotics/yolobot/install/yolobot_description/share/ament_index/resource_index/parent_prefix_path/yolobot_description
[0.535s] -- Up-to-date symlink: /home/jotham-prince/Desktop/Robotics/yolobot/install/yolobot_description/share/yolobot_description/environment/ament_prefix_path.sh
[0.536s] -- Up-to-date symlink: /home/jotham-prince/Desktop/Robotics/yolobot/install/yolobot_description/share/yolobot_description/environment/ament_prefix_path.dsv
[0.536s] -- Up-to-date symlink: /home/jotham-prince/Desktop/Robotics/yolobot/install/yolobot_description/share/yolobot_description/environment/path.sh
[0.537s] -- Up-to-date symlink: /home/jotham-prince/Desktop/Robotics/yolobot/install/yolobot_description/share/yolobot_description/environment/path.dsv
[0.537s] -- Up-to-date symlink: /home/jotham-prince/Desktop/Robotics/yolobot/install/yolobot_description/share/yolobot_description/local_setup.bash
[0.539s] -- Up-to-date symlink: /home/jotham-prince/Desktop/Robotics/yolobot/install/yolobot_description/share/yolobot_description/local_setup.sh
[0.540s] -- Up-to-date symlink: /home/jotham-prince/Desktop/Robotics/yolobot/install/yolobot_description/share/yolobot_description/local_setup.zsh
[0.540s] -- Up-to-date symlink: /home/jotham-prince/Desktop/Robotics/yolobot/install/yolobot_description/share/yolobot_description/local_setup.dsv
[0.541s] -- Symlinking: /home/jotham-prince/Desktop/Robotics/yolobot/install/yolobot_description/share/yolobot_description/package.dsv
[0.543s] -- Up-to-date symlink: /home/jotham-prince/Desktop/Robotics/yolobot/install/yolobot_description/share/ament_index/resource_index/packages/yolobot_description
[0.543s] -- Up-to-date symlink: /home/jotham-prince/Desktop/Robotics/yolobot/install/yolobot_description/share/yolobot_description/cmake/yolobot_descriptionConfig.cmake
[0.544s] -- Up-to-date symlink: /home/jotham-prince/Desktop/Robotics/yolobot/install/yolobot_description/share/yolobot_description/cmake/yolobot_descriptionConfig-version.cmake
[0.544s] -- Up-to-date symlink: /home/jotham-prince/Desktop/Robotics/yolobot/install/yolobot_description/share/yolobot_description/package.xml
[0.641s] Invoked command in '/home/jotham-prince/Desktop/Robotics/yolobot/build/yolobot_description' returned '0': CMAKE_PREFIX_PATH=${CMAKE_PREFIX_PATH}:/opt/ros/humble /home/jotham-prince/.local/bin/cmake --install /home/jotham-prince/Desktop/Robotics/yolobot/build/yolobot_description
