-- Found ament_cmake: 1.3.5 (/opt/ros/humble/share/ament_cmake/cmake)
-- Override CMake install command with custom implementation using symlinks instead of copying resources
-- Found ament_lint_auto: 0.12.6 (/opt/ros/humble/share/ament_lint_auto/cmake)
-- Added test 'flake8' to check Python code syntax and style conventions
-- Added test 'lint_cmake' to check CMake code style
-- Added test 'pep257' to check Python code against some of the docstring style conventions in PEP 257
-- Added test 'xmllint' to check XML markup files
-- Configuring done (1.2s)
-- Generating done (0.0s)
-- Build files have been written to: /home/jotham-prince/Desktop/Robotics/yolobot/build/yolobot_description
-- Install configuration: ""
-- Execute custom install script
-- Symlinking: /home/jotham-prince/Desktop/Robotics/yolobot/install/yolobot_description/share/yolobot_description//robot/yolobot.urdf
-- Symlinking: /home/jotham-prince/Desktop/Robotics/yolobot/install/yolobot_description/share/yolobot_description//launch/spawn_yolobot.py
-- Symlinking: /home/jotham-prince/Desktop/Robotics/yolobot/install/yolobot_description/share/yolobot_description//launch/spawn_yolobot_launch.launch.py
-- Up-to-date symlink: /home/jotham-prince/Desktop/Robotics/yolobot/install/yolobot_description/share/ament_index/resource_index/package_run_dependencies/yolobot_description
-- Up-to-date symlink: /home/jotham-prince/Desktop/Robotics/yolobot/install/yolobot_description/share/ament_index/resource_index/parent_prefix_path/yolobot_description
-- Up-to-date symlink: /home/jotham-prince/Desktop/Robotics/yolobot/install/yolobot_description/share/yolobot_description/environment/ament_prefix_path.sh
-- Up-to-date symlink: /home/jotham-prince/Desktop/Robotics/yolobot/install/yolobot_description/share/yolobot_description/environment/ament_prefix_path.dsv
-- Up-to-date symlink: /home/jotham-prince/Desktop/Robotics/yolobot/install/yolobot_description/share/yolobot_description/environment/path.sh
-- Up-to-date symlink: /home/jotham-prince/Desktop/Robotics/yolobot/install/yolobot_description/share/yolobot_description/environment/path.dsv
-- Up-to-date symlink: /home/jotham-prince/Desktop/Robotics/yolobot/install/yolobot_description/share/yolobot_description/local_setup.bash
-- Up-to-date symlink: /home/jotham-prince/Desktop/Robotics/yolobot/install/yolobot_description/share/yolobot_description/local_setup.sh
-- Up-to-date symlink: /home/jotham-prince/Desktop/Robotics/yolobot/install/yolobot_description/share/yolobot_description/local_setup.zsh
-- Up-to-date symlink: /home/jotham-prince/Desktop/Robotics/yolobot/install/yolobot_description/share/yolobot_description/local_setup.dsv
-- Symlinking: /home/jotham-prince/Desktop/Robotics/yolobot/install/yolobot_description/share/yolobot_description/package.dsv
-- Up-to-date symlink: /home/jotham-prince/Desktop/Robotics/yolobot/install/yolobot_description/share/ament_index/resource_index/packages/yolobot_description
-- Up-to-date symlink: /home/jotham-prince/Desktop/Robotics/yolobot/install/yolobot_description/share/yolobot_description/cmake/yolobot_descriptionConfig.cmake
-- Up-to-date symlink: /home/jotham-prince/Desktop/Robotics/yolobot/install/yolobot_description/share/yolobot_description/cmake/yolobot_descriptionConfig-version.cmake
-- Up-to-date symlink: /home/jotham-prince/Desktop/Robotics/yolobot/install/yolobot_description/share/yolobot_description/package.xml
