[0.047s] Invoking command in '/home/jotham-prince/Desktop/Robotics/yolobot/build/yolobot_description': CMAKE_PREFIX_PATH=${CMAKE_PREFIX_PATH}:/opt/ros/humble /home/jotham-prince/.local/bin/cmake /home/jotham-prince/Desktop/Robotics/yolobot/src/yolobot_description -DCMAKE_INSTALL_PREFIX=/home/jotham-prince/Desktop/Robotics/yolobot/install/yolobot_description
[0.149s] -- Found ament_cmake: 1.3.5 (/opt/ros/humble/share/ament_cmake/cmake)
[0.517s] -- Override CMake install command with custom implementation using symlinks instead of copying resources
[0.532s] -- Found ament_lint_auto: 0.12.6 (/opt/ros/humble/share/ament_lint_auto/cmake)
[0.775s] -- Added test 'flake8' to check Python code syntax and style conventions
[0.779s] -- Added test 'lint_cmake' to check CMake code style
[0.779s] -- Added test 'pep257' to check Python code against some of the docstring style conventions in PEP 257
[0.787s] -- Added test 'xmllint' to check XML markup files
[0.792s] -- Configuring done (0.7s)
[0.803s] -- Generating done (0.0s)
[0.819s] -- Build files have been written to: /home/jotham-prince/Desktop/Robotics/yolobot/build/yolobot_description
[0.845s] Invoked command in '/home/jotham-prince/Desktop/Robotics/yolobot/build/yolobot_description' returned '0': CMAKE_PREFIX_PATH=${CMAKE_PREFIX_PATH}:/opt/ros/humble /home/jotham-prince/.local/bin/cmake /home/jotham-prince/Desktop/Robotics/yolobot/src/yolobot_description -DCMAKE_INSTALL_PREFIX=/home/jotham-prince/Desktop/Robotics/yolobot/install/yolobot_description
[0.847s] Invoking command in '/home/jotham-prince/Desktop/Robotics/yolobot/build/yolobot_description': CMAKE_PREFIX_PATH=${CMAKE_PREFIX_PATH}:/opt/ros/humble /home/jotham-prince/.local/bin/cmake --build /home/jotham-prince/Desktop/Robotics/yolobot/build/yolobot_description -- -j4 -l4
[0.976s] Invoked command in '/home/jotham-prince/Desktop/Robotics/yolobot/build/yolobot_description' returned '0': CMAKE_PREFIX_PATH=${CMAKE_PREFIX_PATH}:/opt/ros/humble /home/jotham-prince/.local/bin/cmake --build /home/jotham-prince/Desktop/Robotics/yolobot/build/yolobot_description -- -j4 -l4
[1.215s] Invoking command in '/home/jotham-prince/Desktop/Robotics/yolobot/build/yolobot_description': CMAKE_PREFIX_PATH=${CMAKE_PREFIX_PATH}:/opt/ros/humble /home/jotham-prince/.local/bin/cmake --install /home/jotham-prince/Desktop/Robotics/yolobot/build/yolobot_description
[1.350s] -- Install configuration: ""
[1.350s] -- Execute custom install script
[1.350s] -- Up-to-date symlink: /home/jotham-prince/Desktop/Robotics/yolobot/install/yolobot_description/share/ament_index/resource_index/package_run_dependencies/yolobot_description
[1.350s] -- Up-to-date symlink: /home/jotham-prince/Desktop/Robotics/yolobot/install/yolobot_description/share/ament_index/resource_index/parent_prefix_path/yolobot_description
[1.351s] -- Up-to-date symlink: /home/jotham-prince/Desktop/Robotics/yolobot/install/yolobot_description/share/yolobot_description/environment/ament_prefix_path.sh
[1.351s] -- Up-to-date symlink: /home/jotham-prince/Desktop/Robotics/yolobot/install/yolobot_description/share/yolobot_description/environment/ament_prefix_path.dsv
[1.352s] -- Up-to-date symlink: /home/jotham-prince/Desktop/Robotics/yolobot/install/yolobot_description/share/yolobot_description/environment/path.sh
[1.352s] -- Up-to-date symlink: /home/jotham-prince/Desktop/Robotics/yolobot/install/yolobot_description/share/yolobot_description/environment/path.dsv
[1.353s] -- Up-to-date symlink: /home/jotham-prince/Desktop/Robotics/yolobot/install/yolobot_description/share/yolobot_description/local_setup.bash
[1.354s] -- Up-to-date symlink: /home/jotham-prince/Desktop/Robotics/yolobot/install/yolobot_description/share/yolobot_description/local_setup.sh
[1.354s] -- Up-to-date symlink: /home/jotham-prince/Desktop/Robotics/yolobot/install/yolobot_description/share/yolobot_description/local_setup.zsh
[1.355s] -- Up-to-date symlink: /home/jotham-prince/Desktop/Robotics/yolobot/install/yolobot_description/share/yolobot_description/local_setup.dsv
[1.355s] -- Symlinking: /home/jotham-prince/Desktop/Robotics/yolobot/install/yolobot_description/share/yolobot_description/package.dsv
[1.359s] -- Up-to-date symlink: /home/jotham-prince/Desktop/Robotics/yolobot/install/yolobot_description/share/ament_index/resource_index/packages/yolobot_description
[1.359s] -- Up-to-date symlink: /home/jotham-prince/Desktop/Robotics/yolobot/install/yolobot_description/share/yolobot_description/cmake/yolobot_descriptionConfig.cmake
[1.360s] -- Up-to-date symlink: /home/jotham-prince/Desktop/Robotics/yolobot/install/yolobot_description/share/yolobot_description/cmake/yolobot_descriptionConfig-version.cmake
[1.360s] -- Up-to-date symlink: /home/jotham-prince/Desktop/Robotics/yolobot/install/yolobot_description/share/yolobot_description/package.xml
[1.421s] Invoked command in '/home/jotham-prince/Desktop/Robotics/yolobot/build/yolobot_description' returned '0': CMAKE_PREFIX_PATH=${CMAKE_PREFIX_PATH}:/opt/ros/humble /home/jotham-prince/.local/bin/cmake --install /home/jotham-prince/Desktop/Robotics/yolobot/build/yolobot_description
