-- The C compiler identification is GNU 11.3.0
-- The CXX compiler identification is GNU 11.3.0
-- Detecting C compiler ABI info
-- Detecting C compiler ABI info - done
-- Check for working C compiler: /usr/bin/cc - skipped
-- Detecting C compile features
-- Detecting C compile features - done
-- Detecting CXX compiler ABI info
-- Detecting CXX compiler ABI info - done
-- Check for working CXX compiler: /usr/bin/c++ - skipped
-- Detecting CXX compile features
-- Detecting CXX compile features - done
-- Found ament_cmake: 1.3.5 (/opt/ros/humble/share/ament_cmake/cmake)
-- Found Python3: /usr/bin/python3.10 (found version "3.10.6") found components: Interpreter 
-- Override CMake install command with custom implementation using symlinks instead of copying resources
-- Found ament_lint_auto: 0.12.6 (/opt/ros/humble/share/ament_lint_auto/cmake)
-- Added test 'flake8' to check Python code syntax and style conventions
-- Added test 'lint_cmake' to check CMake code style
-- Added test 'pep257' to check Python code against some of the docstring style conventions in PEP 257
-- Added test 'xmllint' to check XML markup files
-- Configuring done (3.4s)
-- Generating done (0.0s)
-- Build files have been written to: /home/jotham-prince/Desktop/Robotics/yolobot/build/yolobot_rocognition
-- Install configuration: ""
-- Execute custom install script
-- Symlinking: /home/jotham-prince/Desktop/Robotics/yolobot/install/yolobot_rocognition/share/ament_index/resource_index/package_run_dependencies/yolobot_rocognition
-- Symlinking: /home/jotham-prince/Desktop/Robotics/yolobot/install/yolobot_rocognition/share/ament_index/resource_index/parent_prefix_path/yolobot_rocognition
-- Symlinking: /home/jotham-prince/Desktop/Robotics/yolobot/install/yolobot_rocognition/share/yolobot_rocognition/environment/ament_prefix_path.sh
-- Symlinking: /home/jotham-prince/Desktop/Robotics/yolobot/install/yolobot_rocognition/share/yolobot_rocognition/environment/ament_prefix_path.dsv
-- Symlinking: /home/jotham-prince/Desktop/Robotics/yolobot/install/yolobot_rocognition/share/yolobot_rocognition/environment/path.sh
-- Symlinking: /home/jotham-prince/Desktop/Robotics/yolobot/install/yolobot_rocognition/share/yolobot_rocognition/environment/path.dsv
-- Symlinking: /home/jotham-prince/Desktop/Robotics/yolobot/install/yolobot_rocognition/share/yolobot_rocognition/local_setup.bash
-- Symlinking: /home/jotham-prince/Desktop/Robotics/yolobot/install/yolobot_rocognition/share/yolobot_rocognition/local_setup.sh
-- Symlinking: /home/jotham-prince/Desktop/Robotics/yolobot/install/yolobot_rocognition/share/yolobot_rocognition/local_setup.zsh
-- Symlinking: /home/jotham-prince/Desktop/Robotics/yolobot/install/yolobot_rocognition/share/yolobot_rocognition/local_setup.dsv
-- Symlinking: /home/jotham-prince/Desktop/Robotics/yolobot/install/yolobot_rocognition/share/yolobot_rocognition/package.dsv
-- Symlinking: /home/jotham-prince/Desktop/Robotics/yolobot/install/yolobot_rocognition/share/ament_index/resource_index/packages/yolobot_rocognition
-- Symlinking: /home/jotham-prince/Desktop/Robotics/yolobot/install/yolobot_rocognition/share/yolobot_rocognition/cmake/yolobot_rocognitionConfig.cmake
-- Symlinking: /home/jotham-prince/Desktop/Robotics/yolobot/install/yolobot_rocognition/share/yolobot_rocognition/cmake/yolobot_rocognitionConfig-version.cmake
-- Symlinking: /home/jotham-prince/Desktop/Robotics/yolobot/install/yolobot_rocognition/share/yolobot_rocognition/package.xml
