[0.049s] Invoking command in '/home/jotham-prince/Desktop/Robotics/yolobot/build/yolobot_gazebo': CMAKE_PREFIX_PATH=${CMAKE_PREFIX_PATH}:/opt/ros/humble /home/jotham-prince/.local/bin/cmake --build /home/jotham-prince/Desktop/Robotics/yolobot/build/yolobot_gazebo -- -j4 -l4
[0.155s] -- Found ament_cmake: 1.3.5 (/opt/ros/humble/share/ament_cmake/cmake)
[0.472s] -- Override CMake install command with custom implementation using symlinks instead of copying resources
[0.499s] -- Found ament_lint_auto: 0.12.6 (/opt/ros/humble/share/ament_lint_auto/cmake)
[0.711s] -- Added test 'flake8' to check Python code syntax and style conventions
[0.721s] -- Added test 'lint_cmake' to check CMake code style
[0.721s] -- Added test 'pep257' to check Python code against some of the docstring style conventions in PEP 257
[0.723s] -- Added test 'xmllint' to check XML markup files
[0.740s] -- Configuring done (0.6s)
[0.764s] -- Generating done (0.0s)
[0.765s] -- Build files have been written to: /home/jotham-prince/Desktop/Robotics/yolobot/build/yolobot_gazebo
[0.820s] Invoked command in '/home/jotham-prince/Desktop/Robotics/yolobot/build/yolobot_gazebo' returned '0': CMAKE_PREFIX_PATH=${CMAKE_PREFIX_PATH}:/opt/ros/humble /home/jotham-prince/.local/bin/cmake --build /home/jotham-prince/Desktop/Robotics/yolobot/build/yolobot_gazebo -- -j4 -l4
[0.925s] Invoking command in '/home/jotham-prince/Desktop/Robotics/yolobot/build/yolobot_gazebo': CMAKE_PREFIX_PATH=${CMAKE_PREFIX_PATH}:/opt/ros/humble /home/jotham-prince/.local/bin/cmake --install /home/jotham-prince/Desktop/Robotics/yolobot/build/yolobot_gazebo
[0.975s] -- Install configuration: ""
[0.975s] -- Execute custom install script
[0.977s] -- Up-to-date symlink: /home/jotham-prince/Desktop/Robotics/yolobot/install/yolobot_gazebo/share/yolobot_gazebo//worlds/yolo_test.world
[0.977s] -- Up-to-date symlink: /home/jotham-prince/Desktop/Robotics/yolobot/install/yolobot_gazebo/share/yolobot_gazebo//launch/start_world_launch.py
[0.981s] -- Up-to-date symlink: /home/jotham-prince/Desktop/Robotics/yolobot/install/yolobot_gazebo/share/yolobot_gazebo//launch/yolobot_launch.py
[0.981s] -- Symlinking: /home/jotham-prince/Desktop/Robotics/yolobot/install/yolobot_gazebo/lib/yolobot_gazebo//start_world_launch.py
[0.985s] -- Symlinking: /home/jotham-prince/Desktop/Robotics/yolobot/install/yolobot_gazebo/lib/yolobot_gazebo//yolobot_launch.py
[0.992s] -- Up-to-date symlink: /home/jotham-prince/Desktop/Robotics/yolobot/install/yolobot_gazebo/share/ament_index/resource_index/package_run_dependencies/yolobot_gazebo
[0.993s] -- Up-to-date symlink: /home/jotham-prince/Desktop/Robotics/yolobot/install/yolobot_gazebo/share/ament_index/resource_index/parent_prefix_path/yolobot_gazebo
[0.993s] -- Up-to-date symlink: /home/jotham-prince/Desktop/Robotics/yolobot/install/yolobot_gazebo/share/yolobot_gazebo/environment/ament_prefix_path.sh
[0.993s] -- Up-to-date symlink: /home/jotham-prince/Desktop/Robotics/yolobot/install/yolobot_gazebo/share/yolobot_gazebo/environment/ament_prefix_path.dsv
[0.994s] -- Up-to-date symlink: /home/jotham-prince/Desktop/Robotics/yolobot/install/yolobot_gazebo/share/yolobot_gazebo/environment/path.sh
[0.995s] -- Up-to-date symlink: /home/jotham-prince/Desktop/Robotics/yolobot/install/yolobot_gazebo/share/yolobot_gazebo/environment/path.dsv
[0.996s] -- Up-to-date symlink: /home/jotham-prince/Desktop/Robotics/yolobot/install/yolobot_gazebo/share/yolobot_gazebo/local_setup.bash
[0.997s] -- Up-to-date symlink: /home/jotham-prince/Desktop/Robotics/yolobot/install/yolobot_gazebo/share/yolobot_gazebo/local_setup.sh
[0.997s] -- Up-to-date symlink: /home/jotham-prince/Desktop/Robotics/yolobot/install/yolobot_gazebo/share/yolobot_gazebo/local_setup.zsh
[0.998s] -- Up-to-date symlink: /home/jotham-prince/Desktop/Robotics/yolobot/install/yolobot_gazebo/share/yolobot_gazebo/local_setup.dsv
[0.998s] -- Symlinking: /home/jotham-prince/Desktop/Robotics/yolobot/install/yolobot_gazebo/share/yolobot_gazebo/package.dsv
[1.008s] -- Up-to-date symlink: /home/jotham-prince/Desktop/Robotics/yolobot/install/yolobot_gazebo/share/ament_index/resource_index/packages/yolobot_gazebo
[1.008s] -- Up-to-date symlink: /home/jotham-prince/Desktop/Robotics/yolobot/install/yolobot_gazebo/share/yolobot_gazebo/cmake/yolobot_gazeboConfig.cmake
[1.008s] -- Up-to-date symlink: /home/jotham-prince/Desktop/Robotics/yolobot/install/yolobot_gazebo/share/yolobot_gazebo/cmake/yolobot_gazeboConfig-version.cmake
[1.008s] -- Up-to-date symlink: /home/jotham-prince/Desktop/Robotics/yolobot/install/yolobot_gazebo/share/yolobot_gazebo/package.xml
[1.050s] Invoked command in '/home/jotham-prince/Desktop/Robotics/yolobot/build/yolobot_gazebo' returned '0': CMAKE_PREFIX_PATH=${CMAKE_PREFIX_PATH}:/opt/ros/humble /home/jotham-prince/.local/bin/cmake --install /home/jotham-prince/Desktop/Robotics/yolobot/build/yolobot_gazebo
